Using pre-set license
Built from '2021.3/staging' branch; Version is '2021.3.6f1 (7da38d85baf6) revision 8233869'; Using compiler version '192829333'; Build Type 'Release'
OS: 'Windows 10  (10.0.19044) 64bit Core' Language: 'en' Physical Memory: 16307 MB
BatchMode: 1, IsHumanControllingUs: 0, StartBugReporterOnCrash: 0, Is64bit: 1, IsPro: 1

COMMAND LINE ARGUMENTS:
D:\2021.3.6f1\Editor\Unity.exe
-adb2
-batchMode
-noUpm
-name
AssetImportWorker5
-projectPath
E:/Bossem/Repo/Bossem/Bossem Prototype
-logFile
Logs/AssetImportWorker5.log
-srvPort
51097
Successfully changed project path to: E:/Bossem/Repo/Bossem/Bossem Prototype
E:/Bossem/Repo/Bossem/Bossem Prototype
[UnityMemory] Configuration Parameters - Can be set up in boot.config
    "memorysetup-bucket-allocator-granularity=16"
    "memorysetup-bucket-allocator-bucket-count=8"
    "memorysetup-bucket-allocator-block-size=33554432"
    "memorysetup-bucket-allocator-block-count=8"
    "memorysetup-main-allocator-block-size=16777216"
    "memorysetup-thread-allocator-block-size=16777216"
    "memorysetup-gfx-main-allocator-block-size=16777216"
    "memorysetup-gfx-thread-allocator-block-size=16777216"
    "memorysetup-cache-allocator-block-size=4194304"
    "memorysetup-typetree-allocator-block-size=2097152"
    "memorysetup-profiler-bucket-allocator-granularity=16"
    "memorysetup-profiler-bucket-allocator-bucket-count=8"
    "memorysetup-profiler-bucket-allocator-block-size=33554432"
    "memorysetup-profiler-bucket-allocator-block-count=8"
    "memorysetup-profiler-allocator-block-size=16777216"
    "memorysetup-profiler-editor-allocator-block-size=1048576"
    "memorysetup-temp-allocator-size-main=16777216"
    "memorysetup-job-temp-allocator-block-size=2097152"
    "memorysetup-job-temp-allocator-block-size-background=1048576"
    "memorysetup-job-temp-allocator-reduction-small-platforms=262144"
    "memorysetup-temp-allocator-size-background-worker=32768"
    "memorysetup-temp-allocator-size-job-worker=262144"
    "memorysetup-temp-allocator-size-preload-manager=33554432"
    "memorysetup-temp-allocator-size-nav-mesh-worker=65536"
    "memorysetup-temp-allocator-size-audio-worker=65536"
    "memorysetup-temp-allocator-size-cloud-worker=32768"
    "memorysetup-temp-allocator-size-gi-baking-worker=262144"
    "memorysetup-temp-allocator-size-gfx=262144"
Refreshing native plugins compatible for Editor in 114.72 ms, found 4 plugins.
Preloading 0 native plugins for Editor in 0.00 ms.
Initialize engine version: 2021.3.6f1 (7da38d85baf6)
[Subsystems] Discovering subsystems at path D:/2021.3.6f1/Editor/Data/Resources/UnitySubsystems
[Subsystems] Discovering subsystems at path E:/Bossem/Repo/Bossem/Bossem Prototype/Assets
GfxDevice: creating device client; threaded=0; jobified=0
Direct3D:
    Version:  Direct3D 11.0 [level 11.1]
    Renderer: Radeon (TM) RX 480 Graphics (ID=0x67df)
    Vendor:   ATI
    VRAM:     8170 MB
    Driver:   31.0.14051.5006
Initialize mono
Mono path[0] = 'D:/2021.3.6f1/Editor/Data/Managed'
Mono path[1] = 'D:/2021.3.6f1/Editor/Data/MonoBleedingEdge/lib/mono/unityjit-win32'
Mono config path = 'D:/2021.3.6f1/Editor/Data/MonoBleedingEdge/etc'
Using monoOptions --debugger-agent=transport=dt_socket,embedding=1,server=y,suspend=n,address=127.0.0.1:56864
Begin MonoManager ReloadAssembly
Registering precompiled unity dll's ...
Register platform support module: D:/2021.3.6f1/Editor/Data/PlaybackEngines/AndroidPlayer/UnityEditor.Android.Extensions.dll
Register platform support module: D:/2021.3.6f1/Editor/Data/PlaybackEngines/iOSSupport/UnityEditor.iOS.Extensions.dll
Register platform support module: D:/2021.3.6f1/Editor/Data/PlaybackEngines/WindowsStandaloneSupport/UnityEditor.WindowsStandalone.Extensions.dll
Registered in 0.013440 seconds.
Native extension for WindowsStandalone target not found
[usbmuxd] Start listen thread
[usbmuxd] Listen thread started
Native extension for iOS target not found
Native extension for Android target not found
Refreshing native plugins compatible for Editor in 126.77 ms, found 4 plugins.
Preloading 0 native plugins for Editor in 0.00 ms.
Mono: successfully reloaded assembly
- Completed reload, in  0.821 seconds
Domain Reload Profiling:
	ReloadAssembly (821ms)
		BeginReloadAssembly (108ms)
			ExecutionOrderSort (0ms)
			DisableScriptedObjects (0ms)
			BackupInstance (0ms)
			ReleaseScriptingObjects (0ms)
			CreateAndSetChildDomain (1ms)
		EndReloadAssembly (572ms)
			LoadAssemblies (105ms)
			RebuildTransferFunctionScriptingTraits (0ms)
			SetupTypeCache (116ms)
			ReleaseScriptCaches (0ms)
			RebuildScriptCaches (30ms)
			SetupLoadedEditorAssemblies (365ms)
				LogAssemblyErrors (0ms)
				InitializePlatformSupportModulesInManaged (77ms)
				SetLoadedEditorAssemblies (0ms)
				RefreshPlugins (127ms)
				BeforeProcessingInitializeOnLoad (2ms)
				ProcessInitializeOnLoadAttributes (110ms)
				ProcessInitializeOnLoadMethodAttributes (49ms)
				AfterProcessingInitializeOnLoad (0ms)
				EditorAssembliesLoaded (0ms)
			ExecutionOrderSort2 (0ms)
			AwakeInstancesAfterBackupRestoration (0ms)
Platform modules already initialized, skipping
Registering precompiled user dll's ...
Registered in 0.010519 seconds.
Android Extension - Scanning For ADB Devices 4582 ms
Begin MonoManager ReloadAssembly
Symbol file LoadedFromMemory doesn't match image E:\Bossem\Repo\Bossem\Bossem Prototype\Library\PackageCache\com.unity.visualscripting@1.7.8\Editor\VisualScripting.Core\Dependencies\DotNetZip\Unity.VisualScripting.IonicZip.dll
Symbol file LoadedFromMemory doesn't match image E:\Bossem\Repo\Bossem\Bossem Prototype\Library\PackageCache\com.unity.visualscripting@1.7.8\Editor\VisualScripting.Core\Dependencies\YamlDotNet\Unity.VisualScripting.YamlDotNet.dll
Native extension for WindowsStandalone target not found
Native extension for iOS target not found
Native extension for Android target not found
Refreshing native plugins compatible for Editor in 1.02 ms, found 4 plugins.
Preloading 0 native plugins for Editor in 0.00 ms.
Mono: successfully reloaded assembly
Package Manager log level set to [2]
- Completed reload, in  4.664 seconds
Domain Reload Profiling:
	ReloadAssembly (4665ms)
		BeginReloadAssembly (160ms)
			ExecutionOrderSort (0ms)
			DisableScriptedObjects (6ms)
			BackupInstance (0ms)
			ReleaseScriptingObjects (0ms)
			CreateAndSetChildDomain (22ms)
		EndReloadAssembly (4231ms)
			LoadAssemblies (1104ms)
			RebuildTransferFunctionScriptingTraits (0ms)
			SetupTypeCache (1039ms)
			ReleaseScriptCaches (1ms)
			RebuildScriptCaches (66ms)
			SetupLoadedEditorAssemblies (1992ms)
				LogAssemblyErrors (0ms)
				InitializePlatformSupportModulesInManaged (27ms)
				SetLoadedEditorAssemblies (0ms)
				RefreshPlugins (1ms)
				BeforeProcessingInitializeOnLoad (117ms)
				ProcessInitializeOnLoadAttributes (622ms)
				ProcessInitializeOnLoadMethodAttributes (1203ms)
				AfterProcessingInitializeOnLoad (21ms)
				EditorAssembliesLoaded (0ms)
			ExecutionOrderSort2 (0ms)
			AwakeInstancesAfterBackupRestoration (8ms)
Platform modules already initialized, skipping
========================================================================
Worker process is ready to serve import requests
Launched and connected shader compiler UnityShaderCompiler.exe after 0.14 seconds
Refreshing native plugins compatible for Editor in 1.04 ms, found 4 plugins.
Preloading 0 native plugins for Editor in 0.00 ms.
Unloading 4314 Unused Serialized files (Serialized files now loaded: 0)
Unloading 71 unused Assets / (183.7 KB). Loaded Objects now: 4733.
Memory consumption went from 145.7 MB to 145.5 MB.
Total: 3.984900 ms (FindLiveObjects: 0.440200 ms CreateObjectMapping: 0.115500 ms MarkObjects: 3.215200 ms  DeleteObjects: 0.212700 ms)

AssetImportParameters requested are different than current active one (requested -> active):
  custom:video-decoder-ogg-theora: a1e56fd34408186e4bbccfd4996cb3dc -> 
  custom:container-muxer-webm: aa71ff27fc2769a1b78a27578f13a17b -> 
  custom:container-demuxer-webm: 4f35f7cbe854078d1ac9338744f61a02 -> 
  custom:video-encoder-webm-vp8: eb34c28f22e8b96e1ab97ce403110664 -> 
  custom:audio-encoder-webm-vorbis: bf7c407c2cedff20999df2af8eb42d56 -> 
  custom:framework-win-MediaFoundation: 216162199b28c13a410421893ffa2e32 -> 
  custom:container-demuxer-ogg: 62fdf1f143b41e24485cea50d1cbac27 -> 
  custom:video-decoder-webm-vp8: 9c59270c3fd7afecdb556c50c9e8de78 -> 
  custom:audio-decoder-ogg-vorbis: bf7c407c2cedff20999df2af8eb42d56 -> 
========================================================================
Received Import Request.
  Time since last request: 783137.819060 seconds.
  path: Assets/Characters
  artifactKey: Guid(b8128b435087987439df6b2d0516ac03) Importer(815301076,1909f56bfc062723c751e8b465ee728b)
Start importing Assets/Characters using Guid(b8128b435087987439df6b2d0516ac03) Importer(815301076,1909f56bfc062723c751e8b465ee728b)  -> (artifact id: '64c66879fd0d49163afd580c3f9fbdad') in 0.027160 seconds 
========================================================================
Received Import Request.
  Time since last request: 0.000020 seconds.
  path: Assets/Plugins/Android
  artifactKey: Guid(b18da7e3fae88444d8f442a9380762c6) Importer(815301076,1909f56bfc062723c751e8b465ee728b)
Start importing Assets/Plugins/Android using Guid(b18da7e3fae88444d8f442a9380762c6) Importer(815301076,1909f56bfc062723c751e8b465ee728b)  -> (artifact id: '01c77b2bd0fe365c22a6b70340ef208a') in 0.008689 seconds 
========================================================================
Received Prepare
Registering precompiled user dll's ...
Registered in 0.011319 seconds.
Begin MonoManager ReloadAssembly
Symbol file LoadedFromMemory doesn't match image E:\Bossem\Repo\Bossem\Bossem Prototype\Library\PackageCache\com.unity.visualscripting@1.7.8\Editor\VisualScripting.Core\Dependencies\DotNetZip\Unity.VisualScripting.IonicZip.dll
Symbol file LoadedFromMemory doesn't match image E:\Bossem\Repo\Bossem\Bossem Prototype\Library\PackageCache\com.unity.visualscripting@1.7.8\Editor\VisualScripting.Core\Dependencies\YamlDotNet\Unity.VisualScripting.YamlDotNet.dll
Native extension for WindowsStandalone target not found
Native extension for iOS target not found
Native extension for Android target not found
Refreshing native plugins compatible for Editor in 1.04 ms, found 4 plugins.
Preloading 0 native plugins for Editor in 0.00 ms.
Mono: successfully reloaded assembly
- Completed reload, in  1.068 seconds
Domain Reload Profiling:
	ReloadAssembly (1069ms)
		BeginReloadAssembly (178ms)
			ExecutionOrderSort (0ms)
			DisableScriptedObjects (5ms)
			BackupInstance (0ms)
			ReleaseScriptingObjects (0ms)
			CreateAndSetChildDomain (39ms)
		EndReloadAssembly (774ms)
			LoadAssemblies (146ms)
			RebuildTransferFunctionScriptingTraits (0ms)
			SetupTypeCache (235ms)
			ReleaseScriptCaches (1ms)
			RebuildScriptCaches (37ms)
			SetupLoadedEditorAssemblies (354ms)
				LogAssemblyErrors (0ms)
				InitializePlatformSupportModulesInManaged (33ms)
				SetLoadedEditorAssemblies (0ms)
				RefreshPlugins (1ms)
				BeforeProcessingInitializeOnLoad (85ms)
				ProcessInitializeOnLoadAttributes (190ms)
				ProcessInitializeOnLoadMethodAttributes (26ms)
				AfterProcessingInitializeOnLoad (18ms)
				EditorAssembliesLoaded (0ms)
			ExecutionOrderSort2 (0ms)
			AwakeInstancesAfterBackupRestoration (7ms)
Platform modules already initialized, skipping
Refreshing native plugins compatible for Editor in 4.42 ms, found 4 plugins.
Preloading 0 native plugins for Editor in 0.00 ms.
Unloading 4292 Unused Serialized files (Serialized files now loaded: 0)
Unloading 63 unused Assets / (151.1 KB). Loaded Objects now: 4736.
Memory consumption went from 143.9 MB to 143.7 MB.
Total: 3.222300 ms (FindLiveObjects: 0.362200 ms CreateObjectMapping: 0.119800 ms MarkObjects: 2.628800 ms  DeleteObjects: 0.110900 ms)

AssetImportParameters requested are different than current active one (requested -> active):
  custom:video-decoder-ogg-theora: a1e56fd34408186e4bbccfd4996cb3dc -> 
  custom:container-muxer-webm: aa71ff27fc2769a1b78a27578f13a17b -> 
  custom:container-demuxer-webm: 4f35f7cbe854078d1ac9338744f61a02 -> 
  custom:video-encoder-webm-vp8: eb34c28f22e8b96e1ab97ce403110664 -> 
  custom:audio-encoder-webm-vorbis: bf7c407c2cedff20999df2af8eb42d56 -> 
  custom:framework-win-MediaFoundation: 216162199b28c13a410421893ffa2e32 -> 
  custom:container-demuxer-ogg: 62fdf1f143b41e24485cea50d1cbac27 -> 
  custom:video-decoder-webm-vp8: 9c59270c3fd7afecdb556c50c9e8de78 -> 
  custom:audio-decoder-ogg-vorbis: bf7c407c2cedff20999df2af8eb42d56 -> 
========================================================================
Received Prepare
Refreshing native plugins compatible for Editor in 2198.21 ms, found 4 plugins.
Preloading 0 native plugins for Editor in 0.00 ms.
Unloading 63 Unused Serialized files (Serialized files now loaded: 0)
Unloading 63 unused Assets / (148.5 KB). Loaded Objects now: 4736.
Memory consumption went from 59.3 MB to 59.2 MB.
Total: 3.642200 ms (FindLiveObjects: 0.351400 ms CreateObjectMapping: 0.115700 ms MarkObjects: 3.044700 ms  DeleteObjects: 0.129300 ms)

AssetImportParameters requested are different than current active one (requested -> active):
  custom:video-decoder-ogg-theora: a1e56fd34408186e4bbccfd4996cb3dc -> 
  custom:container-muxer-webm: aa71ff27fc2769a1b78a27578f13a17b -> 
  custom:container-demuxer-webm: 4f35f7cbe854078d1ac9338744f61a02 -> 
  custom:video-encoder-webm-vp8: eb34c28f22e8b96e1ab97ce403110664 -> 
  custom:audio-encoder-webm-vorbis: bf7c407c2cedff20999df2af8eb42d56 -> 
  custom:framework-win-MediaFoundation: 216162199b28c13a410421893ffa2e32 -> 
  custom:container-demuxer-ogg: 62fdf1f143b41e24485cea50d1cbac27 -> 
  custom:video-decoder-webm-vp8: 9c59270c3fd7afecdb556c50c9e8de78 -> 
  custom:audio-decoder-ogg-vorbis: bf7c407c2cedff20999df2af8eb42d56 -> 
========================================================================
Received Prepare
Registering precompiled user dll's ...
Registered in 0.012349 seconds.
Begin MonoManager ReloadAssembly
Symbol file data-0000023B30F22040 doesn't match image E:\Bossem\Repo\Bossem\Bossem Prototype\Library\ScriptAssemblies\Assembly-CSharp.dll
Symbol file LoadedFromMemory is not a mono symbol file
Symbol file data-0000023B30F22040 doesn't match image E:\Bossem\Repo\Bossem\Bossem Prototype\Library\ScriptAssemblies\Assembly-CSharp-Editor.dll
Symbol file LoadedFromMemory is not a mono symbol file
Symbol file data-0000023B32401020 doesn't match image E:\Bossem\Repo\Bossem\Bossem Prototype\Library\ScriptAssemblies\Unity.VisualScripting.Flow.Editor.dll
Symbol file LoadedFromMemory is not a mono symbol file
Symbol file data-0000023B32EFB010 doesn't match image E:\Bossem\Repo\Bossem\Bossem Prototype\Library\ScriptAssemblies\ARDK-Editor.dll
Symbol file LoadedFromMemory is not a mono symbol file
Symbol file data-0000023B30F22040 doesn't match image E:\Bossem\Repo\Bossem\Bossem Prototype\Library\ScriptAssemblies\Unity.VSCode.Editor.dll
Symbol file LoadedFromMemory is not a mono symbol file
Symbol file data-0000023B3595E040 doesn't match image E:\Bossem\Repo\Bossem\Bossem Prototype\Library\ScriptAssemblies\ARDK-Examples.dll
Symbol file LoadedFromMemory is not a mono symbol file
Symbol file data-0000023B3595E040 doesn't match image E:\Bossem\Repo\Bossem\Bossem Prototype\Library\ScriptAssemblies\Unity.Notifications.dll
Symbol file LoadedFromMemory is not a mono symbol file
Symbol file data-0000023B32FD5050 doesn't match image E:\Bossem\Repo\Bossem\Bossem Prototype\Library\ScriptAssemblies\Unity.TextMeshPro.Editor.dll
Symbol file LoadedFromMemory is not a mono symbol file
Symbol file data-0000023B36B35020 doesn't match image E:\Bossem\Repo\Bossem\Bossem Prototype\Library\ScriptAssemblies\ARDK.dll
Symbol file LoadedFromMemory is not a mono symbol file
Symbol file data-0000023B3595E040 doesn't match image E:\Bossem\Repo\Bossem\Bossem Prototype\Library\ScriptAssemblies\Unity.VisualStudio.Editor.dll
Symbol file LoadedFromMemory is not a mono symbol file
Symbol file data-0000023B35964850 doesn't match image E:\Bossem\Repo\Bossem\Bossem Prototype\Library\ScriptAssemblies\Unity.Services.Core.Telemetry.dll
Symbol file LoadedFromMemory is not a mono symbol file
Symbol file data-0000023B2F1C61C0 doesn't match image E:\Bossem\Repo\Bossem\Bossem Prototype\Library\ScriptAssemblies\Unity.Profiling.Core.dll
Symbol file LoadedFromMemory is not a mono symbol file
Symbol file data-0000023B33A81020 doesn't match image E:\Bossem\Repo\Bossem\Bossem Prototype\Library\ScriptAssemblies\UnityEngine.TestRunner.dll
Symbol file LoadedFromMemory is not a mono symbol file
Symbol file data-0000023B2F513A30 doesn't match image E:\Bossem\Repo\Bossem\Bossem Prototype\Library\ScriptAssemblies\Unity.AdaptivePerformance.Samsung.Android.Editor.dll
Symbol file LoadedFromMemory is not a mono symbol file
Symbol file data-0000023B3651D010 doesn't match image E:\Bossem\Repo\Bossem\Bossem Prototype\Library\ScriptAssemblies\Unity.Timeline.dll
Symbol file LoadedFromMemory is not a mono symbol file
Symbol file data-0000023B35FC4030 doesn't match image E:\Bossem\Repo\Bossem\Bossem Prototype\Library\ScriptAssemblies\Unity.VisualScripting.Core.Editor.dll
Symbol file LoadedFromMemory is not a mono symbol file
Symbol file data-0000023B3187B010 doesn't match image E:\Bossem\Repo\Bossem\Bossem Prototype\Library\ScriptAssemblies\Unity.TextMeshPro.dll
Symbol file LoadedFromMemory is not a mono symbol file
Symbol file data-0000023B33A81020 doesn't match image E:\Bossem\Repo\Bossem\Bossem Prototype\Library\ScriptAssemblies\Unity.VisualScripting.State.Editor.dll
Symbol file LoadedFromMemory is not a mono symbol file
Symbol file data-0000023B2F513A30 doesn't match image E:\Bossem\Repo\Bossem\Bossem Prototype\Library\ScriptAssemblies\Unity.AdaptivePerformance.Simulator.Extension.dll
Symbol file LoadedFromMemory is not a mono symbol file
Symbol file data-0000023B315D3010 doesn't match image E:\Bossem\Repo\Bossem\Bossem Prototype\Library\ScriptAssemblies\UnityEditor.TestRunner.dll
Symbol file LoadedFromMemory is not a mono symbol file
Symbol file data-0000023B32F06620 doesn't match image E:\Bossem\Repo\Bossem\Bossem Prototype\Library\ScriptAssemblies\Unity.Services.Core.Networking.dll
Symbol file LoadedFromMemory is not a mono symbol file
Symbol file data-0000023B2F513A30 doesn't match image E:\Bossem\Repo\Bossem\Bossem Prototype\Library\ScriptAssemblies\Unity.VisualScripting.SettingsProvider.Editor.dll
Symbol file LoadedFromMemory is not a mono symbol file
Symbol file data-0000023B32F06620 doesn't match image E:\Bossem\Repo\Bossem\Bossem Prototype\Library\ScriptAssemblies\Unity.Subsystem.Registration.dll
Symbol file LoadedFromMemory is not a mono symbol file
Symbol file data-0000023B2F513A30 doesn't match image E:\Bossem\Repo\Bossem\Bossem Prototype\Library\ScriptAssemblies\Unity.AdaptivePerformance.UI.Editor.dll
Symbol file LoadedFromMemory is not a mono symbol file
Symbol file data-0000023B33A81020 doesn't match image E:\Bossem\Repo\Bossem\Bossem Prototype\Library\ScriptAssemblies\UnityEditor.UI.dll
Symbol file LoadedFromMemory is not a mono symbol file
Symbol file data-0000023B339468D0 doesn't match image E:\Bossem\Repo\Bossem\Bossem Prototype\Library\ScriptAssemblies\Unity.PlasticSCM.Editor.dll
Symbol file LoadedFromMemory is not a mono symbol file
Symbol file data-0000023B33A81020 doesn't match image E:\Bossem\Repo\Bossem\Bossem Prototype\Library\ScriptAssemblies\Unity.Rider.Editor.dll
Symbol file LoadedFromMemory is not a mono symbol file
Symbol file data-0000023B36068030 doesn't match image E:\Bossem\Repo\Bossem\Bossem Prototype\Library\ScriptAssemblies\Unity.Services.Core.Internal.dll
Symbol file LoadedFromMemory is not a mono symbol file
Symbol file data-0000023B35560080 doesn't match image E:\Bossem\Repo\Bossem\Bossem Prototype\Library\ScriptAssemblies\UnityEngine.UI.dll
Symbol file LoadedFromMemory is not a mono symbol file
Symbol file data-0000023B2F513A30 doesn't match image E:\Bossem\Repo\Bossem\Bossem Prototype\Library\ScriptAssemblies\Recognissimo.Editor.dll
Symbol file LoadedFromMemory is not a mono symbol file
Symbol file data-0000023B33C57670 doesn't match image E:\Bossem\Repo\Bossem\Bossem Prototype\Library\ScriptAssemblies\Unity.VisualScripting.Flow.dll
Symbol file LoadedFromMemory is not a mono symbol file
Symbol file data-0000023B3606EC40 doesn't match image E:\Bossem\Repo\Bossem\Bossem Prototype\Library\ScriptAssemblies\Unity.Notifications.iOS.dll
Symbol file LoadedFromMemory is not a mono symbol file
Symbol file data-0000023B2F513A30 doesn't match image E:\Bossem\Repo\Bossem\Bossem Prototype\Library\ScriptAssemblies\Unity.Services.Core.Configuration.dll
Symbol file LoadedFromMemory is not a mono symbol file
Symbol file data-0000023B2F513A30 doesn't match image E:\Bossem\Repo\Bossem\Bossem Prototype\Library\ScriptAssemblies\RemoteAuthoring.dll
Symbol file LoadedFromMemory is not a mono symbol file
Symbol file data-0000023B339468D0 doesn't match image E:\Bossem\Repo\Bossem\Bossem Prototype\Library\ScriptAssemblies\Unity.VisualScripting.Core.dll
Symbol file LoadedFromMemory is not a mono symbol file
Symbol file data-0000023B2F513A30 doesn't match image E:\Bossem\Repo\Bossem\Bossem Prototype\Library\ScriptAssemblies\Unity.Services.Core.dll
Symbol file LoadedFromMemory is not a mono symbol file
Symbol file data-0000023B2F513A30 doesn't match image E:\Bossem\Repo\Bossem\Bossem Prototype\Library\ScriptAssemblies\Recognissimo.Utils.dll
Symbol file LoadedFromMemory is not a mono symbol file
Symbol file data-0000023B32BFC0E0 doesn't match image E:\Bossem\Repo\Bossem\Bossem Prototype\Library\ScriptAssemblies\Unity.Services.Core.Editor.dll
Symbol file LoadedFromMemory is not a mono symbol file
Symbol file data-0000023B2F513A30 doesn't match image E:\Bossem\Repo\Bossem\Bossem Prototype\Library\ScriptAssemblies\Unity.Services.Core.Configuration.Editor.dll
Symbol file LoadedFromMemory is not a mono symbol file
Symbol file data-0000023B2F513A30 doesn't match image E:\Bossem\Repo\Bossem\Bossem Prototype\Library\ScriptAssemblies\Unity.AdaptivePerformance.Simulator.Editor.dll
Symbol file LoadedFromMemory is not a mono symbol file
Symbol file data-0000023B32F06620 doesn't match image E:\Bossem\Repo\Bossem\Bossem Prototype\Library\ScriptAssemblies\Unity.Services.Core.Analytics.dll
Symbol file LoadedFromMemory is not a mono symbol file
Symbol file data-0000023B2F513A30 doesn't match image E:\Bossem\Repo\Bossem\Bossem Prototype\Library\ScriptAssemblies\Unity.Services.Core.Registration.dll
Symbol file LoadedFromMemory is not a mono symbol file
Symbol file data-0000023B32BFC0E0 doesn't match image E:\Bossem\Repo\Bossem\Bossem Prototype\Library\ScriptAssemblies\Unity.AdaptivePerformance.Editor.dll
Symbol file LoadedFromMemory is not a mono symbol file
Symbol file data-0000023B2F513A30 doesn't match image E:\Bossem\Repo\Bossem\Bossem Prototype\Library\ScriptAssemblies\Unity.VisualScripting.Shared.Editor.dll
Symbol file LoadedFromMemory is not a mono symbol file
Symbol file data-0000023B35C5F220 doesn't match image E:\Bossem\Repo\Bossem\Bossem Prototype\Library\ScriptAssemblies\Unity.Services.Core.Environments.dll
Symbol file LoadedFromMemory is not a mono symbol file
Symbol file data-0000023B37B07030 doesn't match image E:\Bossem\Repo\Bossem\Bossem Prototype\Library\ScriptAssemblies\Unity.Mobile.AndroidLogcat.Editor.dll
Symbol file LoadedFromMemory is not a mono symbol file
Symbol file data-0000023B2F513A30 doesn't match image E:\Bossem\Repo\Bossem\Bossem Prototype\Library\ScriptAssemblies\Unity.Services.Core.Scheduler.dll
Symbol file LoadedFromMemory is not a mono symbol file
Symbol file data-0000023B35C5F220 doesn't match image E:\Bossem\Repo\Bossem\Bossem Prototype\Library\ScriptAssemblies\Unity.Services.Core.Environments.Internal.dll
Symbol file LoadedFromMemory is not a mono symbol file
Symbol file data-0000023B2F1E0010 doesn't match image E:\Bossem\Repo\Bossem\Bossem Prototype\Library\ScriptAssemblies\Unity.Timeline.Editor.dll
Symbol file LoadedFromMemory is not a mono symbol file
Symbol file data-0000023B2F2EAC10 doesn't match image E:\Bossem\Repo\Bossem\Bossem Prototype\Library\ScriptAssemblies\Unity.CollabProxy.Editor.dll
Symbol file LoadedFromMemory is not a mono symbol file
Symbol file data-0000023B35C5F220 doesn't match image E:\Bossem\Repo\Bossem\Bossem Prototype\Library\ScriptAssemblies\Unity.Services.Core.Threading.dll
Symbol file LoadedFromMemory is not a mono symbol file
Symbol file data-0000023B2F2EAC10 doesn't match image E:\Bossem\Repo\Bossem\Bossem Prototype\Library\ScriptAssemblies\Unity.AdaptivePerformance.dll
Symbol file LoadedFromMemory is not a mono symbol file
Symbol file data-0000023B2F513A30 doesn't match image E:\Bossem\Repo\Bossem\Bossem Prototype\Library\ScriptAssemblies\Unity.Notifications.Android.dll
Symbol file LoadedFromMemory is not a mono symbol file
Symbol file data-0000023B35C5F220 doesn't match image E:\Bossem\Repo\Bossem\Bossem Prototype\Library\ScriptAssemblies\Estrada.dll
Symbol file LoadedFromMemory is not a mono symbol file
Symbol file data-0000023B32C040F0 doesn't match image E:\Bossem\Repo\Bossem\Bossem Prototype\Library\ScriptAssemblies\Recognissimo.dll
Symbol file LoadedFromMemory is not a mono symbol file
Symbol file data-0000023B2F513A30 doesn't match image E:\Bossem\Repo\Bossem\Bossem Prototype\Library\ScriptAssemblies\Unity.AdaptivePerformance.Profiler.Editor.dll
Symbol file LoadedFromMemory is not a mono symbol file
Symbol file data-0000023B2F513A30 doesn't match image E:\Bossem\Repo\Bossem\Bossem Prototype\Library\ScriptAssemblies\Unity.AdaptivePerformance.Simulator.VRR.Extension.dll
Symbol file LoadedFromMemory is not a mono symbol file
Symbol file data-0000023B36678EF0 doesn't match image E:\Bossem\Repo\Bossem\Bossem Prototype\Library\ScriptAssemblies\Unity.VisualScripting.State.dll
Symbol file LoadedFromMemory is not a mono symbol file
Symbol file data-0000023B3667F700 doesn't match image E:\Bossem\Repo\Bossem\Bossem Prototype\Library\ScriptAssemblies\Unity.AdaptivePerformance.Samsung.Android.dll
Symbol file LoadedFromMemory is not a mono symbol file
Symbol file data-0000023B35C5F220 doesn't match image E:\Bossem\Repo\Bossem\Bossem Prototype\Library\ScriptAssemblies\Unity.Services.Core.Device.dll
Symbol file LoadedFromMemory is not a mono symbol file
Symbol file LoadedFromMemory doesn't match image E:\Bossem\Repo\Bossem\Bossem Prototype\Library\PackageCache\com.unity.visualscripting@1.7.8\Editor\VisualScripting.Core\Dependencies\DotNetZip\Unity.VisualScripting.IonicZip.dll
Symbol file LoadedFromMemory doesn't match image E:\Bossem\Repo\Bossem\Bossem Prototype\Library\PackageCache\com.unity.visualscripting@1.7.8\Editor\VisualScripting.Core\Dependencies\YamlDotNet\Unity.VisualScripting.YamlDotNet.dll
Native extension for WindowsStandalone target not found
Native extension for iOS target not found
Native extension for Android target not found
Refreshing native plugins compatible for Editor in 1.08 ms, found 4 plugins.
Preloading 0 native plugins for Editor in 0.00 ms.
Mono: successfully reloaded assembly
- Completed reload, in  1.070 seconds
Domain Reload Profiling:
	ReloadAssembly (1071ms)
		BeginReloadAssembly (171ms)
			ExecutionOrderSort (0ms)
			DisableScriptedObjects (5ms)
			BackupInstance (0ms)
			ReleaseScriptingObjects (0ms)
			CreateAndSetChildDomain (40ms)
		EndReloadAssembly (786ms)
			LoadAssemblies (140ms)
			RebuildTransferFunctionScriptingTraits (0ms)
			SetupTypeCache (239ms)
			ReleaseScriptCaches (1ms)
			RebuildScriptCaches (36ms)
			SetupLoadedEditorAssemblies (363ms)
				LogAssemblyErrors (0ms)
				InitializePlatformSupportModulesInManaged (34ms)
				SetLoadedEditorAssemblies (0ms)
				RefreshPlugins (1ms)
				BeforeProcessingInitializeOnLoad (90ms)
				ProcessInitializeOnLoadAttributes (190ms)
				ProcessInitializeOnLoadMethodAttributes (27ms)
				AfterProcessingInitializeOnLoad (20ms)
				EditorAssembliesLoaded (0ms)
			ExecutionOrderSort2 (0ms)
			AwakeInstancesAfterBackupRestoration (8ms)
Platform modules already initialized, skipping
Refreshing native plugins compatible for Editor in 4.79 ms, found 4 plugins.
Preloading 0 native plugins for Editor in 0.00 ms.
Unloading 4292 Unused Serialized files (Serialized files now loaded: 0)
Unloading 63 unused Assets / (151.0 KB). Loaded Objects now: 4739.
Memory consumption went from 143.9 MB to 143.8 MB.
Total: 3.486300 ms (FindLiveObjects: 0.353800 ms CreateObjectMapping: 0.119000 ms MarkObjects: 2.877700 ms  DeleteObjects: 0.134600 ms)

AssetImportParameters requested are different than current active one (requested -> active):
  custom:video-decoder-ogg-theora: a1e56fd34408186e4bbccfd4996cb3dc -> 
  custom:container-muxer-webm: aa71ff27fc2769a1b78a27578f13a17b -> 
  custom:container-demuxer-webm: 4f35f7cbe854078d1ac9338744f61a02 -> 
  custom:video-encoder-webm-vp8: eb34c28f22e8b96e1ab97ce403110664 -> 
  custom:audio-encoder-webm-vorbis: bf7c407c2cedff20999df2af8eb42d56 -> 
  custom:framework-win-MediaFoundation: 216162199b28c13a410421893ffa2e32 -> 
  custom:container-demuxer-ogg: 62fdf1f143b41e24485cea50d1cbac27 -> 
  custom:video-decoder-webm-vp8: 9c59270c3fd7afecdb556c50c9e8de78 -> 
  custom:audio-decoder-ogg-vorbis: bf7c407c2cedff20999df2af8eb42d56 -> 
========================================================================
Received Prepare
Refreshing native plugins compatible for Editor in 14.41 ms, found 4 plugins.
Preloading 0 native plugins for Editor in 0.00 ms.
Unloading 63 Unused Serialized files (Serialized files now loaded: 0)
Unloading 63 unused Assets / (148.4 KB). Loaded Objects now: 4739.
Memory consumption went from 59.4 MB to 59.2 MB.
Total: 3.173500 ms (FindLiveObjects: 0.339700 ms CreateObjectMapping: 0.116500 ms MarkObjects: 2.565500 ms  DeleteObjects: 0.151200 ms)

AssetImportParameters requested are different than current active one (requested -> active):
  custom:video-decoder-ogg-theora: a1e56fd34408186e4bbccfd4996cb3dc -> 
  custom:container-muxer-webm: aa71ff27fc2769a1b78a27578f13a17b -> 
  custom:container-demuxer-webm: 4f35f7cbe854078d1ac9338744f61a02 -> 
  custom:video-encoder-webm-vp8: eb34c28f22e8b96e1ab97ce403110664 -> 
  custom:audio-encoder-webm-vorbis: bf7c407c2cedff20999df2af8eb42d56 -> 
  custom:framework-win-MediaFoundation: 216162199b28c13a410421893ffa2e32 -> 
  custom:container-demuxer-ogg: 62fdf1f143b41e24485cea50d1cbac27 -> 
  custom:video-decoder-webm-vp8: 9c59270c3fd7afecdb556c50c9e8de78 -> 
  custom:audio-decoder-ogg-vorbis: bf7c407c2cedff20999df2af8eb42d56 -> 
========================================================================
Received Prepare
Registering precompiled user dll's ...
Registered in 0.011412 seconds.
Begin MonoManager ReloadAssembly
Symbol file data-0000023B36C57020 doesn't match image E:\Bossem\Repo\Bossem\Bossem Prototype\Library\ScriptAssemblies\Assembly-CSharp.dll
Symbol file LoadedFromMemory is not a mono symbol file
Symbol file data-0000023B36C57020 doesn't match image E:\Bossem\Repo\Bossem\Bossem Prototype\Library\ScriptAssemblies\Assembly-CSharp-Editor.dll
Symbol file LoadedFromMemory is not a mono symbol file
Symbol file data-0000023B33B27030 doesn't match image E:\Bossem\Repo\Bossem\Bossem Prototype\Library\ScriptAssemblies\Unity.VisualScripting.Flow.Editor.dll
Symbol file LoadedFromMemory is not a mono symbol file
Symbol file data-0000023B313F0030 doesn't match image E:\Bossem\Repo\Bossem\Bossem Prototype\Library\ScriptAssemblies\ARDK-Editor.dll
Symbol file LoadedFromMemory is not a mono symbol file
Symbol file data-0000023B36404990 doesn't match image E:\Bossem\Repo\Bossem\Bossem Prototype\Library\ScriptAssemblies\Unity.VSCode.Editor.dll
Symbol file LoadedFromMemory is not a mono symbol file
Symbol file data-0000023B36068030 doesn't match image E:\Bossem\Repo\Bossem\Bossem Prototype\Library\ScriptAssemblies\ARDK-Examples.dll
Symbol file LoadedFromMemory is not a mono symbol file
Symbol file data-0000023B36404990 doesn't match image E:\Bossem\Repo\Bossem\Bossem Prototype\Library\ScriptAssemblies\Unity.Notifications.dll
Symbol file LoadedFromMemory is not a mono symbol file
Symbol file data-0000023B329DB040 doesn't match image E:\Bossem\Repo\Bossem\Bossem Prototype\Library\ScriptAssemblies\Unity.TextMeshPro.Editor.dll
Symbol file LoadedFromMemory is not a mono symbol file
Symbol file data-0000023B36B35020 doesn't match image E:\Bossem\Repo\Bossem\Bossem Prototype\Library\ScriptAssemblies\ARDK.dll
Symbol file LoadedFromMemory is not a mono symbol file
Symbol file data-0000023B36068030 doesn't match image E:\Bossem\Repo\Bossem\Bossem Prototype\Library\ScriptAssemblies\Unity.VisualStudio.Editor.dll
Symbol file LoadedFromMemory is not a mono symbol file
Symbol file data-0000023B30B30010 doesn't match image E:\Bossem\Repo\Bossem\Bossem Prototype\Library\ScriptAssemblies\Unity.Services.Core.Telemetry.dll
Symbol file LoadedFromMemory is not a mono symbol file
Symbol file data-0000023B36C57020 doesn't match image E:\Bossem\Repo\Bossem\Bossem Prototype\Library\ScriptAssemblies\Unity.Profiling.Core.dll
Symbol file LoadedFromMemory is not a mono symbol file
Symbol file data-0000023B36068030 doesn't match image E:\Bossem\Repo\Bossem\Bossem Prototype\Library\ScriptAssemblies\UnityEngine.TestRunner.dll
Symbol file LoadedFromMemory is not a mono symbol file
Symbol file data-0000023B35BDAA30 doesn't match image E:\Bossem\Repo\Bossem\Bossem Prototype\Library\ScriptAssemblies\Unity.AdaptivePerformance.Samsung.Android.Editor.dll
Symbol file LoadedFromMemory is not a mono symbol file
Symbol file data-0000023B3651D010 doesn't match image E:\Bossem\Repo\Bossem\Bossem Prototype\Library\ScriptAssemblies\Unity.Timeline.dll
Symbol file LoadedFromMemory is not a mono symbol file
Symbol file data-0000023B359D2020 doesn't match image E:\Bossem\Repo\Bossem\Bossem Prototype\Library\ScriptAssemblies\Unity.VisualScripting.Core.Editor.dll
Symbol file LoadedFromMemory is not a mono symbol file
Symbol file data-0000023B336B5010 doesn't match image E:\Bossem\Repo\Bossem\Bossem Prototype\Library\ScriptAssemblies\Unity.TextMeshPro.dll
Symbol file LoadedFromMemory is not a mono symbol file
Symbol file data-0000023B36068030 doesn't match image E:\Bossem\Repo\Bossem\Bossem Prototype\Library\ScriptAssemblies\Unity.VisualScripting.State.Editor.dll
Symbol file LoadedFromMemory is not a mono symbol file
Symbol file data-0000023B35BDAA30 doesn't match image E:\Bossem\Repo\Bossem\Bossem Prototype\Library\ScriptAssemblies\Unity.AdaptivePerformance.Simulator.Extension.dll
Symbol file LoadedFromMemory is not a mono symbol file
Symbol file data-0000023B33992920 doesn't match image E:\Bossem\Repo\Bossem\Bossem Prototype\Library\ScriptAssemblies\UnityEditor.TestRunner.dll
Symbol file LoadedFromMemory is not a mono symbol file
Symbol file data-0000023B313FB640 doesn't match image E:\Bossem\Repo\Bossem\Bossem Prototype\Library\ScriptAssemblies\Unity.Services.Core.Networking.dll
Symbol file LoadedFromMemory is not a mono symbol file
Symbol file data-0000023B35BDAA30 doesn't match image E:\Bossem\Repo\Bossem\Bossem Prototype\Library\ScriptAssemblies\Unity.VisualScripting.SettingsProvider.Editor.dll
Symbol file LoadedFromMemory is not a mono symbol file
Symbol file data-0000023B313FB640 doesn't match image E:\Bossem\Repo\Bossem\Bossem Prototype\Library\ScriptAssemblies\Unity.Subsystem.Registration.dll
Symbol file LoadedFromMemory is not a mono symbol file
Symbol file data-0000023B35BDAA30 doesn't match image E:\Bossem\Repo\Bossem\Bossem Prototype\Library\ScriptAssemblies\Unity.AdaptivePerformance.UI.Editor.dll
Symbol file LoadedFromMemory is not a mono symbol file
Symbol file data-0000023B36068030 doesn't match image E:\Bossem\Repo\Bossem\Bossem Prototype\Library\ScriptAssemblies\UnityEditor.UI.dll
Symbol file LoadedFromMemory is not a mono symbol file
Symbol file data-0000023B339468D0 doesn't match image E:\Bossem\Repo\Bossem\Bossem Prototype\Library\ScriptAssemblies\Unity.PlasticSCM.Editor.dll
Symbol file LoadedFromMemory is not a mono symbol file
Symbol file data-0000023B36068030 doesn't match image E:\Bossem\Repo\Bossem\Bossem Prototype\Library\ScriptAssemblies\Unity.Rider.Editor.dll
Symbol file LoadedFromMemory is not a mono symbol file
Symbol file data-0000023B2F1AA760 doesn't match image E:\Bossem\Repo\Bossem\Bossem Prototype\Library\ScriptAssemblies\Unity.Services.Core.Internal.dll
Symbol file LoadedFromMemory is not a mono symbol file
Symbol file data-0000023B370B9900 doesn't match image E:\Bossem\Repo\Bossem\Bossem Prototype\Library\ScriptAssemblies\UnityEngine.UI.dll
Symbol file LoadedFromMemory is not a mono symbol file
Symbol file data-0000023B35BDAA30 doesn't match image E:\Bossem\Repo\Bossem\Bossem Prototype\Library\ScriptAssemblies\Recognissimo.Editor.dll
Symbol file LoadedFromMemory is not a mono symbol file
Symbol file data-0000023B31143680 doesn't match image E:\Bossem\Repo\Bossem\Bossem Prototype\Library\ScriptAssemblies\Unity.VisualScripting.Flow.dll
Symbol file LoadedFromMemory is not a mono symbol file
Symbol file data-0000023B30B30010 doesn't match image E:\Bossem\Repo\Bossem\Bossem Prototype\Library\ScriptAssemblies\Unity.Notifications.iOS.dll
Symbol file LoadedFromMemory is not a mono symbol file
Symbol file data-0000023B35BDAA30 doesn't match image E:\Bossem\Repo\Bossem\Bossem Prototype\Library\ScriptAssemblies\Unity.Services.Core.Configuration.dll
Symbol file LoadedFromMemory is not a mono symbol file
Symbol file data-0000023B35BDAA30 doesn't match image E:\Bossem\Repo\Bossem\Bossem Prototype\Library\ScriptAssemblies\RemoteAuthoring.dll
Symbol file LoadedFromMemory is not a mono symbol file
Symbol file data-0000023B339468D0 doesn't match image E:\Bossem\Repo\Bossem\Bossem Prototype\Library\ScriptAssemblies\Unity.VisualScripting.Core.dll
Symbol file LoadedFromMemory is not a mono symbol file
Symbol file data-0000023B35BDAA30 doesn't match image E:\Bossem\Repo\Bossem\Bossem Prototype\Library\ScriptAssemblies\Unity.Services.Core.dll
Symbol file LoadedFromMemory is not a mono symbol file
Symbol file data-0000023B35BDAA30 doesn't match image E:\Bossem\Repo\Bossem\Bossem Prototype\Library\ScriptAssemblies\Recognissimo.Utils.dll
Symbol file LoadedFromMemory is not a mono symbol file
Symbol file data-0000023B2F1AA760 doesn't match image E:\Bossem\Repo\Bossem\Bossem Prototype\Library\ScriptAssemblies\Unity.Services.Core.Editor.dll
Symbol file LoadedFromMemory is not a mono symbol file
Symbol file data-0000023B35BDAA30 doesn't match image E:\Bossem\Repo\Bossem\Bossem Prototype\Library\ScriptAssemblies\Unity.Services.Core.Configuration.Editor.dll
Symbol file LoadedFromMemory is not a mono symbol file
Symbol file data-0000023B35BDAA30 doesn't match image E:\Bossem\Repo\Bossem\Bossem Prototype\Library\ScriptAssemblies\Unity.AdaptivePerformance.Simulator.Editor.dll
Symbol file LoadedFromMemory is not a mono symbol file
Symbol file data-0000023B35C5F220 doesn't match image E:\Bossem\Repo\Bossem\Bossem Prototype\Library\ScriptAssemblies\Unity.Services.Core.Analytics.dll
Symbol file LoadedFromMemory is not a mono symbol file
Symbol file data-0000023B35BDAA30 doesn't match image E:\Bossem\Repo\Bossem\Bossem Prototype\Library\ScriptAssemblies\Unity.Services.Core.Registration.dll
Symbol file LoadedFromMemory is not a mono symbol file
Symbol file data-0000023B364E4020 doesn't match image E:\Bossem\Repo\Bossem\Bossem Prototype\Library\ScriptAssemblies\Unity.AdaptivePerformance.Editor.dll
Symbol file LoadedFromMemory is not a mono symbol file
Symbol file data-0000023B36E4C030 doesn't match image E:\Bossem\Repo\Bossem\Bossem Prototype\Library\ScriptAssemblies\Unity.VisualScripting.Shared.Editor.dll
Symbol file LoadedFromMemory is not a mono symbol file
Symbol file data-0000023B36E4C030 doesn't match image E:\Bossem\Repo\Bossem\Bossem Prototype\Library\ScriptAssemblies\Unity.Services.Core.Environments.dll
Symbol file LoadedFromMemory is not a mono symbol file
Symbol file data-0000023B3651D010 doesn't match image E:\Bossem\Repo\Bossem\Bossem Prototype\Library\ScriptAssemblies\Unity.Mobile.AndroidLogcat.Editor.dll
Symbol file LoadedFromMemory is not a mono symbol file
Symbol file data-0000023B36E4C030 doesn't match image E:\Bossem\Repo\Bossem\Bossem Prototype\Library\ScriptAssemblies\Unity.Services.Core.Scheduler.dll
Symbol file LoadedFromMemory is not a mono symbol file
Symbol file data-0000023B36E4C030 doesn't match image E:\Bossem\Repo\Bossem\Bossem Prototype\Library\ScriptAssemblies\Unity.Services.Core.Environments.Internal.dll
Symbol file LoadedFromMemory is not a mono symbol file
Symbol file data-0000023B3624E010 doesn't match image E:\Bossem\Repo\Bossem\Bossem Prototype\Library\ScriptAssemblies\Unity.Timeline.Editor.dll
Symbol file LoadedFromMemory is not a mono symbol file
Symbol file data-0000023B364E4020 doesn't match image E:\Bossem\Repo\Bossem\Bossem Prototype\Library\ScriptAssemblies\Unity.CollabProxy.Editor.dll
Symbol file LoadedFromMemory is not a mono symbol file
Symbol file data-0000023B36E4C030 doesn't match image E:\Bossem\Repo\Bossem\Bossem Prototype\Library\ScriptAssemblies\Unity.Services.Core.Threading.dll
Symbol file LoadedFromMemory is not a mono symbol file
Symbol file data-0000023B364E4020 doesn't match image E:\Bossem\Repo\Bossem\Bossem Prototype\Library\ScriptAssemblies\Unity.AdaptivePerformance.dll
Symbol file LoadedFromMemory is not a mono symbol file
Symbol file data-0000023B36E4C030 doesn't match image E:\Bossem\Repo\Bossem\Bossem Prototype\Library\ScriptAssemblies\Unity.Notifications.Android.dll
Symbol file LoadedFromMemory is not a mono symbol file
Symbol file data-0000023B36E4C030 doesn't match image E:\Bossem\Repo\Bossem\Bossem Prototype\Library\ScriptAssemblies\Estrada.dll
Symbol file LoadedFromMemory is not a mono symbol file
Symbol file data-0000023B36CA3050 doesn't match image E:\Bossem\Repo\Bossem\Bossem Prototype\Library\ScriptAssemblies\Recognissimo.dll
Symbol file LoadedFromMemory is not a mono symbol file
Symbol file data-0000023B36E4C030 doesn't match image E:\Bossem\Repo\Bossem\Bossem Prototype\Library\ScriptAssemblies\Unity.AdaptivePerformance.Profiler.Editor.dll
Symbol file LoadedFromMemory is not a mono symbol file
Symbol file data-0000023B36E4C030 doesn't match image E:\Bossem\Repo\Bossem\Bossem Prototype\Library\ScriptAssemblies\Unity.AdaptivePerformance.Simulator.VRR.Extension.dll
Symbol file LoadedFromMemory is not a mono symbol file
Symbol file data-0000023B370D3310 doesn't match image E:\Bossem\Repo\Bossem\Bossem Prototype\Library\ScriptAssemblies\Unity.VisualScripting.State.dll
Symbol file LoadedFromMemory is not a mono symbol file
Symbol file data-0000023B370D3310 doesn't match image E:\Bossem\Repo\Bossem\Bossem Prototype\Library\ScriptAssemblies\Unity.AdaptivePerformance.Samsung.Android.dll
Symbol file LoadedFromMemory is not a mono symbol file
Symbol file data-0000023B36E4C030 doesn't match image E:\Bossem\Repo\Bossem\Bossem Prototype\Library\ScriptAssemblies\Unity.Services.Core.Device.dll
Symbol file LoadedFromMemory is not a mono symbol file
Symbol file LoadedFromMemory doesn't match image E:\Bossem\Repo\Bossem\Bossem Prototype\Library\PackageCache\com.unity.visualscripting@1.7.8\Editor\VisualScripting.Core\Dependencies\DotNetZip\Unity.VisualScripting.IonicZip.dll
Symbol file LoadedFromMemory doesn't match image E:\Bossem\Repo\Bossem\Bossem Prototype\Library\PackageCache\com.unity.visualscripting@1.7.8\Editor\VisualScripting.Core\Dependencies\YamlDotNet\Unity.VisualScripting.YamlDotNet.dll
Native extension for WindowsStandalone target not found
Native extension for iOS target not found
Native extension for Android target not found
Refreshing native plugins compatible for Editor in 1.28 ms, found 4 plugins.
Preloading 0 native plugins for Editor in 0.00 ms.
Mono: successfully reloaded assembly
- Completed reload, in  1.186 seconds
Domain Reload Profiling:
	ReloadAssembly (1187ms)
		BeginReloadAssembly (176ms)
			ExecutionOrderSort (0ms)
			DisableScriptedObjects (6ms)
			BackupInstance (0ms)
			ReleaseScriptingObjects (0ms)
			CreateAndSetChildDomain (38ms)
		EndReloadAssembly (884ms)
			LoadAssemblies (142ms)
			RebuildTransferFunctionScriptingTraits (0ms)
			SetupTypeCache (267ms)
			ReleaseScriptCaches (2ms)
			RebuildScriptCaches (42ms)
			SetupLoadedEditorAssemblies (411ms)
				LogAssemblyErrors (0ms)
				InitializePlatformSupportModulesInManaged (40ms)
				SetLoadedEditorAssemblies (0ms)
				RefreshPlugins (1ms)
				BeforeProcessingInitializeOnLoad (100ms)
				ProcessInitializeOnLoadAttributes (217ms)
				ProcessInitializeOnLoadMethodAttributes (32ms)
				AfterProcessingInitializeOnLoad (20ms)
				EditorAssembliesLoaded (0ms)
			ExecutionOrderSort2 (0ms)
			AwakeInstancesAfterBackupRestoration (8ms)
Platform modules already initialized, skipping
Refreshing native plugins compatible for Editor in 6.10 ms, found 4 plugins.
Preloading 0 native plugins for Editor in 0.00 ms.
Unloading 4292 Unused Serialized files (Serialized files now loaded: 0)
Unloading 63 unused Assets / (151.1 KB). Loaded Objects now: 4742.
Memory consumption went from 143.9 MB to 143.8 MB.
Total: 3.268300 ms (FindLiveObjects: 0.362700 ms CreateObjectMapping: 0.127200 ms MarkObjects: 2.654900 ms  DeleteObjects: 0.122600 ms)

AssetImportParameters requested are different than current active one (requested -> active):
  custom:video-decoder-ogg-theora: a1e56fd34408186e4bbccfd4996cb3dc -> 
  custom:container-muxer-webm: aa71ff27fc2769a1b78a27578f13a17b -> 
  custom:container-demuxer-webm: 4f35f7cbe854078d1ac9338744f61a02 -> 
  custom:video-encoder-webm-vp8: eb34c28f22e8b96e1ab97ce403110664 -> 
  custom:audio-encoder-webm-vorbis: bf7c407c2cedff20999df2af8eb42d56 -> 
  custom:framework-win-MediaFoundation: 216162199b28c13a410421893ffa2e32 -> 
  custom:container-demuxer-ogg: 62fdf1f143b41e24485cea50d1cbac27 -> 
  custom:video-decoder-webm-vp8: 9c59270c3fd7afecdb556c50c9e8de78 -> 
  custom:audio-decoder-ogg-vorbis: bf7c407c2cedff20999df2af8eb42d56 -> 
========================================================================
Received Prepare
Refreshing native plugins compatible for Editor in 13.68 ms, found 4 plugins.
Preloading 0 native plugins for Editor in 0.00 ms.
Unloading 63 Unused Serialized files (Serialized files now loaded: 0)
Unloading 63 unused Assets / (148.5 KB). Loaded Objects now: 4742.
Memory consumption went from 59.4 MB to 59.2 MB.
Total: 3.236600 ms (FindLiveObjects: 0.354900 ms CreateObjectMapping: 0.118200 ms MarkObjects: 2.631300 ms  DeleteObjects: 0.131300 ms)

AssetImportParameters requested are different than current active one (requested -> active):
  custom:video-decoder-ogg-theora: a1e56fd34408186e4bbccfd4996cb3dc -> 
  custom:container-muxer-webm: aa71ff27fc2769a1b78a27578f13a17b -> 
  custom:container-demuxer-webm: 4f35f7cbe854078d1ac9338744f61a02 -> 
  custom:video-encoder-webm-vp8: eb34c28f22e8b96e1ab97ce403110664 -> 
  custom:audio-encoder-webm-vorbis: bf7c407c2cedff20999df2af8eb42d56 -> 
  custom:framework-win-MediaFoundation: 216162199b28c13a410421893ffa2e32 -> 
  custom:container-demuxer-ogg: 62fdf1f143b41e24485cea50d1cbac27 -> 
  custom:video-decoder-webm-vp8: 9c59270c3fd7afecdb556c50c9e8de78 -> 
  custom:audio-decoder-ogg-vorbis: bf7c407c2cedff20999df2af8eb42d56 -> 
========================================================================
Received Prepare
Registering precompiled user dll's ...
Registered in 0.009229 seconds.
Begin MonoManager ReloadAssembly
Symbol file data-0000023B33717060 doesn't match image E:\Bossem\Repo\Bossem\Bossem Prototype\Library\ScriptAssemblies\Assembly-CSharp.dll
Symbol file LoadedFromMemory is not a mono symbol file
Symbol file data-0000023B33717060 doesn't match image E:\Bossem\Repo\Bossem\Bossem Prototype\Library\ScriptAssemblies\Assembly-CSharp-Editor.dll
Symbol file LoadedFromMemory is not a mono symbol file
Symbol file data-0000023B33202F60 doesn't match image E:\Bossem\Repo\Bossem\Bossem Prototype\Library\ScriptAssemblies\Unity.VisualScripting.Flow.Editor.dll
Symbol file LoadedFromMemory is not a mono symbol file
Symbol file data-0000023B30F5B010 doesn't match image E:\Bossem\Repo\Bossem\Bossem Prototype\Library\ScriptAssemblies\ARDK-Editor.dll
Symbol file LoadedFromMemory is not a mono symbol file
Symbol file data-0000023B36CA3050 doesn't match image E:\Bossem\Repo\Bossem\Bossem Prototype\Library\ScriptAssemblies\Unity.VSCode.Editor.dll
Symbol file LoadedFromMemory is not a mono symbol file
Symbol file data-0000023B313F0030 doesn't match image E:\Bossem\Repo\Bossem\Bossem Prototype\Library\ScriptAssemblies\ARDK-Examples.dll
Symbol file LoadedFromMemory is not a mono symbol file
Symbol file data-0000023B36CA3050 doesn't match image E:\Bossem\Repo\Bossem\Bossem Prototype\Library\ScriptAssemblies\Unity.Notifications.dll
Symbol file LoadedFromMemory is not a mono symbol file
Symbol file data-0000023B329DB040 doesn't match image E:\Bossem\Repo\Bossem\Bossem Prototype\Library\ScriptAssemblies\Unity.TextMeshPro.Editor.dll
Symbol file LoadedFromMemory is not a mono symbol file
Symbol file data-0000023B36B35020 doesn't match image E:\Bossem\Repo\Bossem\Bossem Prototype\Library\ScriptAssemblies\ARDK.dll
Symbol file LoadedFromMemory is not a mono symbol file
Symbol file data-0000023B313F0030 doesn't match image E:\Bossem\Repo\Bossem\Bossem Prototype\Library\ScriptAssemblies\Unity.VisualStudio.Editor.dll
Symbol file LoadedFromMemory is not a mono symbol file
Symbol file data-0000023B35B3D030 doesn't match image E:\Bossem\Repo\Bossem\Bossem Prototype\Library\ScriptAssemblies\Unity.Services.Core.Telemetry.dll
Symbol file LoadedFromMemory is not a mono symbol file
Symbol file data-0000023B33717060 doesn't match image E:\Bossem\Repo\Bossem\Bossem Prototype\Library\ScriptAssemblies\Unity.Profiling.Core.dll
Symbol file LoadedFromMemory is not a mono symbol file
Symbol file data-0000023B313F0030 doesn't match image E:\Bossem\Repo\Bossem\Bossem Prototype\Library\ScriptAssemblies\UnityEngine.TestRunner.dll
Symbol file LoadedFromMemory is not a mono symbol file
Symbol file data-0000023B33717060 doesn't match image E:\Bossem\Repo\Bossem\Bossem Prototype\Library\ScriptAssemblies\Unity.AdaptivePerformance.Samsung.Android.Editor.dll
Symbol file LoadedFromMemory is not a mono symbol file
Symbol file data-0000023B364B2030 doesn't match image E:\Bossem\Repo\Bossem\Bossem Prototype\Library\ScriptAssemblies\Unity.Timeline.dll
Symbol file LoadedFromMemory is not a mono symbol file
Symbol file data-0000023B359D2020 doesn't match image E:\Bossem\Repo\Bossem\Bossem Prototype\Library\ScriptAssemblies\Unity.VisualScripting.Core.Editor.dll
Symbol file LoadedFromMemory is not a mono symbol file
Symbol file data-0000023B32E28E10 doesn't match image E:\Bossem\Repo\Bossem\Bossem Prototype\Library\ScriptAssemblies\Unity.TextMeshPro.dll
Symbol file LoadedFromMemory is not a mono symbol file
Symbol file data-0000023B313F0030 doesn't match image E:\Bossem\Repo\Bossem\Bossem Prototype\Library\ScriptAssemblies\Unity.VisualScripting.State.Editor.dll
Symbol file LoadedFromMemory is not a mono symbol file
Symbol file data-0000023B35B3D030 doesn't match image E:\Bossem\Repo\Bossem\Bossem Prototype\Library\ScriptAssemblies\Unity.AdaptivePerformance.Simulator.Extension.dll
Symbol file LoadedFromMemory is not a mono symbol file
Symbol file data-0000023B371E1430 doesn't match image E:\Bossem\Repo\Bossem\Bossem Prototype\Library\ScriptAssemblies\UnityEditor.TestRunner.dll
Symbol file LoadedFromMemory is not a mono symbol file
Symbol file data-0000023B35B3D030 doesn't match image E:\Bossem\Repo\Bossem\Bossem Prototype\Library\ScriptAssemblies\Unity.Services.Core.Networking.dll
Symbol file LoadedFromMemory is not a mono symbol file
Symbol file data-0000023B35B3D030 doesn't match image E:\Bossem\Repo\Bossem\Bossem Prototype\Library\ScriptAssemblies\Unity.VisualScripting.SettingsProvider.Editor.dll
Symbol file LoadedFromMemory is not a mono symbol file
Symbol file data-0000023B37A86050 doesn't match image E:\Bossem\Repo\Bossem\Bossem Prototype\Library\ScriptAssemblies\Unity.Subsystem.Registration.dll
Symbol file LoadedFromMemory is not a mono symbol file
Symbol file data-0000023B35B3D030 doesn't match image E:\Bossem\Repo\Bossem\Bossem Prototype\Library\ScriptAssemblies\Unity.AdaptivePerformance.UI.Editor.dll
Symbol file LoadedFromMemory is not a mono symbol file
Symbol file data-0000023B313F0030 doesn't match image E:\Bossem\Repo\Bossem\Bossem Prototype\Library\ScriptAssemblies\UnityEditor.UI.dll
Symbol file LoadedFromMemory is not a mono symbol file
Symbol file data-0000023B339468D0 doesn't match image E:\Bossem\Repo\Bossem\Bossem Prototype\Library\ScriptAssemblies\Unity.PlasticSCM.Editor.dll
Symbol file LoadedFromMemory is not a mono symbol file
Symbol file data-0000023B313F0030 doesn't match image E:\Bossem\Repo\Bossem\Bossem Prototype\Library\ScriptAssemblies\Unity.Rider.Editor.dll
Symbol file LoadedFromMemory is not a mono symbol file
Symbol file data-0000023B36068030 doesn't match image E:\Bossem\Repo\Bossem\Bossem Prototype\Library\ScriptAssemblies\Unity.Services.Core.Internal.dll
Symbol file LoadedFromMemory is not a mono symbol file
Symbol file data-0000023B370B9900 doesn't match image E:\Bossem\Repo\Bossem\Bossem Prototype\Library\ScriptAssemblies\UnityEngine.UI.dll
Symbol file LoadedFromMemory is not a mono symbol file
Symbol file data-0000023B316E2860 doesn't match image E:\Bossem\Repo\Bossem\Bossem Prototype\Library\ScriptAssemblies\Recognissimo.Editor.dll
Symbol file LoadedFromMemory is not a mono symbol file
Symbol file data-0000023B31143680 doesn't match image E:\Bossem\Repo\Bossem\Bossem Prototype\Library\ScriptAssemblies\Unity.VisualScripting.Flow.dll
Symbol file LoadedFromMemory is not a mono symbol file
Symbol file data-0000023B3126FEB0 doesn't match image E:\Bossem\Repo\Bossem\Bossem Prototype\Library\ScriptAssemblies\Unity.Notifications.iOS.dll
Symbol file LoadedFromMemory is not a mono symbol file
Symbol file data-0000023B3126FEB0 doesn't match image E:\Bossem\Repo\Bossem\Bossem Prototype\Library\ScriptAssemblies\Unity.Services.Core.Configuration.dll
Symbol file LoadedFromMemory is not a mono symbol file
Symbol file data-0000023B316E2860 doesn't match image E:\Bossem\Repo\Bossem\Bossem Prototype\Library\ScriptAssemblies\RemoteAuthoring.dll
Symbol file LoadedFromMemory is not a mono symbol file
Symbol file data-0000023B339468D0 doesn't match image E:\Bossem\Repo\Bossem\Bossem Prototype\Library\ScriptAssemblies\Unity.VisualScripting.Core.dll
Symbol file LoadedFromMemory is not a mono symbol file
Symbol file data-0000023B316E2860 doesn't match image E:\Bossem\Repo\Bossem\Bossem Prototype\Library\ScriptAssemblies\Unity.Services.Core.dll
Symbol file LoadedFromMemory is not a mono symbol file
Symbol file data-0000023B33A5A010 doesn't match image E:\Bossem\Repo\Bossem\Bossem Prototype\Library\ScriptAssemblies\Recognissimo.Utils.dll
Symbol file LoadedFromMemory is not a mono symbol file
Symbol file data-0000023B2F1BE1B0 doesn't match image E:\Bossem\Repo\Bossem\Bossem Prototype\Library\ScriptAssemblies\Unity.Services.Core.Editor.dll
Symbol file LoadedFromMemory is not a mono symbol file
Symbol file data-0000023B33A5A010 doesn't match image E:\Bossem\Repo\Bossem\Bossem Prototype\Library\ScriptAssemblies\Unity.Services.Core.Configuration.Editor.dll
Symbol file LoadedFromMemory is not a mono symbol file
Symbol file data-0000023B33A5A010 doesn't match image E:\Bossem\Repo\Bossem\Bossem Prototype\Library\ScriptAssemblies\Unity.AdaptivePerformance.Simulator.Editor.dll
Symbol file LoadedFromMemory is not a mono symbol file
Symbol file data-0000023B316E2860 doesn't match image E:\Bossem\Repo\Bossem\Bossem Prototype\Library\ScriptAssemblies\Unity.Services.Core.Analytics.dll
Symbol file LoadedFromMemory is not a mono symbol file
Symbol file data-0000023B33A5A010 doesn't match image E:\Bossem\Repo\Bossem\Bossem Prototype\Library\ScriptAssemblies\Unity.Services.Core.Registration.dll
Symbol file LoadedFromMemory is not a mono symbol file
Symbol file data-0000023B2F1BE1B0 doesn't match image E:\Bossem\Repo\Bossem\Bossem Prototype\Library\ScriptAssemblies\Unity.AdaptivePerformance.Editor.dll
Symbol file LoadedFromMemory is not a mono symbol file
Symbol file data-0000023B33A5A010 doesn't match image E:\Bossem\Repo\Bossem\Bossem Prototype\Library\ScriptAssemblies\Unity.VisualScripting.Shared.Editor.dll
Symbol file LoadedFromMemory is not a mono symbol file
Symbol file data-0000023B33A5A010 doesn't match image E:\Bossem\Repo\Bossem\Bossem Prototype\Library\ScriptAssemblies\Unity.Services.Core.Environments.dll
Symbol file LoadedFromMemory is not a mono symbol file
Symbol file data-0000023B37B07030 doesn't match image E:\Bossem\Repo\Bossem\Bossem Prototype\Library\ScriptAssemblies\Unity.Mobile.AndroidLogcat.Editor.dll
Symbol file LoadedFromMemory is not a mono symbol file
Symbol file data-0000023B33A5A010 doesn't match image E:\Bossem\Repo\Bossem\Bossem Prototype\Library\ScriptAssemblies\Unity.Services.Core.Scheduler.dll
Symbol file LoadedFromMemory is not a mono symbol file
Symbol file data-0000023B33A5A010 doesn't match image E:\Bossem\Repo\Bossem\Bossem Prototype\Library\ScriptAssemblies\Unity.Services.Core.Environments.Internal.dll
Symbol file LoadedFromMemory is not a mono symbol file
Symbol file data-0000023B3624E010 doesn't match image E:\Bossem\Repo\Bossem\Bossem Prototype\Library\ScriptAssemblies\Unity.Timeline.Editor.dll
Symbol file LoadedFromMemory is not a mono symbol file
Symbol file data-0000023B2F1BE1B0 doesn't match image E:\Bossem\Repo\Bossem\Bossem Prototype\Library\ScriptAssemblies\Unity.CollabProxy.Editor.dll
Symbol file LoadedFromMemory is not a mono symbol file
Symbol file data-0000023B33A5A010 doesn't match image E:\Bossem\Repo\Bossem\Bossem Prototype\Library\ScriptAssemblies\Unity.Services.Core.Threading.dll
Symbol file LoadedFromMemory is not a mono symbol file
Symbol file data-0000023B2F1BE1B0 doesn't match image E:\Bossem\Repo\Bossem\Bossem Prototype\Library\ScriptAssemblies\Unity.AdaptivePerformance.dll
Symbol file LoadedFromMemory is not a mono symbol file
Symbol file data-0000023B36404990 doesn't match image E:\Bossem\Repo\Bossem\Bossem Prototype\Library\ScriptAssemblies\Unity.Notifications.Android.dll
Symbol file LoadedFromMemory is not a mono symbol file
Symbol file data-0000023B36404990 doesn't match image E:\Bossem\Repo\Bossem\Bossem Prototype\Library\ScriptAssemblies\Estrada.dll
Symbol file LoadedFromMemory is not a mono symbol file
Symbol file data-0000023B36404990 doesn't match image E:\Bossem\Repo\Bossem\Bossem Prototype\Library\ScriptAssemblies\Recognissimo.dll
Symbol file LoadedFromMemory is not a mono symbol file
Symbol file data-0000023B2F1C83C0 doesn't match image E:\Bossem\Repo\Bossem\Bossem Prototype\Library\ScriptAssemblies\Unity.AdaptivePerformance.Profiler.Editor.dll
Symbol file LoadedFromMemory is not a mono symbol file
Symbol file data-0000023B2F1C83C0 doesn't match image E:\Bossem\Repo\Bossem\Bossem Prototype\Library\ScriptAssemblies\Unity.AdaptivePerformance.Simulator.VRR.Extension.dll
Symbol file LoadedFromMemory is not a mono symbol file
Symbol file data-0000023B35E90030 doesn't match image E:\Bossem\Repo\Bossem\Bossem Prototype\Library\ScriptAssemblies\Unity.VisualScripting.State.dll
Symbol file LoadedFromMemory is not a mono symbol file
Symbol file data-0000023B35EFE550 doesn't match image E:\Bossem\Repo\Bossem\Bossem Prototype\Library\ScriptAssemblies\Unity.AdaptivePerformance.Samsung.Android.dll
Symbol file LoadedFromMemory is not a mono symbol file
Symbol file data-0000023B2F1C83C0 doesn't match image E:\Bossem\Repo\Bossem\Bossem Prototype\Library\ScriptAssemblies\Unity.Services.Core.Device.dll
Symbol file LoadedFromMemory is not a mono symbol file
Symbol file LoadedFromMemory doesn't match image E:\Bossem\Repo\Bossem\Bossem Prototype\Library\PackageCache\com.unity.visualscripting@1.7.8\Editor\VisualScripting.Core\Dependencies\DotNetZip\Unity.VisualScripting.IonicZip.dll
Symbol file LoadedFromMemory doesn't match image E:\Bossem\Repo\Bossem\Bossem Prototype\Library\PackageCache\com.unity.visualscripting@1.7.8\Editor\VisualScripting.Core\Dependencies\YamlDotNet\Unity.VisualScripting.YamlDotNet.dll
Native extension for WindowsStandalone target not found
Native extension for iOS target not found
Native extension for Android target not found
Refreshing native plugins compatible for Editor in 1.19 ms, found 4 plugins.
Preloading 0 native plugins for Editor in 0.00 ms.
Mono: successfully reloaded assembly
- Completed reload, in  1.118 seconds
Domain Reload Profiling:
	ReloadAssembly (1119ms)
		BeginReloadAssembly (159ms)
			ExecutionOrderSort (0ms)
			DisableScriptedObjects (5ms)
			BackupInstance (0ms)
			ReleaseScriptingObjects (0ms)
			CreateAndSetChildDomain (34ms)
		EndReloadAssembly (845ms)
			LoadAssemblies (133ms)
			RebuildTransferFunctionScriptingTraits (0ms)
			SetupTypeCache (244ms)
			ReleaseScriptCaches (1ms)
			RebuildScriptCaches (47ms)
			SetupLoadedEditorAssemblies (398ms)
				LogAssemblyErrors (0ms)
				InitializePlatformSupportModulesInManaged (37ms)
				SetLoadedEditorAssemblies (0ms)
				RefreshPlugins (1ms)
				BeforeProcessingInitializeOnLoad (95ms)
				ProcessInitializeOnLoadAttributes (212ms)
				ProcessInitializeOnLoadMethodAttributes (31ms)
				AfterProcessingInitializeOnLoad (21ms)
				EditorAssembliesLoaded (0ms)
			ExecutionOrderSort2 (0ms)
			AwakeInstancesAfterBackupRestoration (8ms)
Platform modules already initialized, skipping
Refreshing native plugins compatible for Editor in 5.19 ms, found 4 plugins.
Preloading 0 native plugins for Editor in 0.00 ms.
Unloading 4292 Unused Serialized files (Serialized files now loaded: 0)
Unloading 63 unused Assets / (151.1 KB). Loaded Objects now: 4745.
Memory consumption went from 143.9 MB to 143.8 MB.
Total: 4.722700 ms (FindLiveObjects: 0.567800 ms CreateObjectMapping: 0.149900 ms MarkObjects: 3.803400 ms  DeleteObjects: 0.200200 ms)

AssetImportParameters requested are different than current active one (requested -> active):
  custom:video-decoder-ogg-theora: a1e56fd34408186e4bbccfd4996cb3dc -> 
  custom:container-muxer-webm: aa71ff27fc2769a1b78a27578f13a17b -> 
  custom:container-demuxer-webm: 4f35f7cbe854078d1ac9338744f61a02 -> 
  custom:video-encoder-webm-vp8: eb34c28f22e8b96e1ab97ce403110664 -> 
  custom:audio-encoder-webm-vorbis: bf7c407c2cedff20999df2af8eb42d56 -> 
  custom:framework-win-MediaFoundation: 216162199b28c13a410421893ffa2e32 -> 
  custom:container-demuxer-ogg: 62fdf1f143b41e24485cea50d1cbac27 -> 
  custom:video-decoder-webm-vp8: 9c59270c3fd7afecdb556c50c9e8de78 -> 
  custom:audio-decoder-ogg-vorbis: bf7c407c2cedff20999df2af8eb42d56 -> 
========================================================================
Received Prepare
Registering precompiled user dll's ...
Registered in 0.009419 seconds.
Begin MonoManager ReloadAssembly
Symbol file data-0000023B2F1AA760 doesn't match image E:\Bossem\Repo\Bossem\Bossem Prototype\Library\ScriptAssemblies\Assembly-CSharp.dll
Symbol file LoadedFromMemory is not a mono symbol file
Symbol file data-0000023B2F1AA760 doesn't match image E:\Bossem\Repo\Bossem\Bossem Prototype\Library\ScriptAssemblies\Assembly-CSharp-Editor.dll
Symbol file LoadedFromMemory is not a mono symbol file
Symbol file data-0000023B33202F60 doesn't match image E:\Bossem\Repo\Bossem\Bossem Prototype\Library\ScriptAssemblies\Unity.VisualScripting.Flow.Editor.dll
Symbol file LoadedFromMemory is not a mono symbol file
Symbol file data-0000023B360D4030 doesn't match image E:\Bossem\Repo\Bossem\Bossem Prototype\Library\ScriptAssemblies\ARDK-Editor.dll
Symbol file LoadedFromMemory is not a mono symbol file
Symbol file data-0000023B2F1AA760 doesn't match image E:\Bossem\Repo\Bossem\Bossem Prototype\Library\ScriptAssemblies\Unity.VSCode.Editor.dll
Symbol file LoadedFromMemory is not a mono symbol file
Symbol file data-0000023B312CD010 doesn't match image E:\Bossem\Repo\Bossem\Bossem Prototype\Library\ScriptAssemblies\ARDK-Examples.dll
Symbol file LoadedFromMemory is not a mono symbol file
Symbol file data-0000023B3359DCA0 doesn't match image E:\Bossem\Repo\Bossem\Bossem Prototype\Library\ScriptAssemblies\Unity.Notifications.dll
Symbol file LoadedFromMemory is not a mono symbol file
Symbol file data-0000023B329DB040 doesn't match image E:\Bossem\Repo\Bossem\Bossem Prototype\Library\ScriptAssemblies\Unity.TextMeshPro.Editor.dll
Symbol file LoadedFromMemory is not a mono symbol file
Symbol file data-0000023B36B35020 doesn't match image E:\Bossem\Repo\Bossem\Bossem Prototype\Library\ScriptAssemblies\ARDK.dll
Symbol file LoadedFromMemory is not a mono symbol file
Symbol file data-0000023B37A72010 doesn't match image E:\Bossem\Repo\Bossem\Bossem Prototype\Library\ScriptAssemblies\Unity.VisualStudio.Editor.dll
Symbol file LoadedFromMemory is not a mono symbol file
Symbol file data-0000023B35D5E010 doesn't match image E:\Bossem\Repo\Bossem\Bossem Prototype\Library\ScriptAssemblies\Unity.Services.Core.Telemetry.dll
Symbol file LoadedFromMemory is not a mono symbol file
Symbol file data-0000023B37A78820 doesn't match image E:\Bossem\Repo\Bossem\Bossem Prototype\Library\ScriptAssemblies\Unity.Profiling.Core.dll
Symbol file LoadedFromMemory is not a mono symbol file
Symbol file data-0000023B33AF7020 doesn't match image E:\Bossem\Repo\Bossem\Bossem Prototype\Library\ScriptAssemblies\UnityEngine.TestRunner.dll
Symbol file LoadedFromMemory is not a mono symbol file
Symbol file data-0000023B37A78820 doesn't match image E:\Bossem\Repo\Bossem\Bossem Prototype\Library\ScriptAssemblies\Unity.AdaptivePerformance.Samsung.Android.Editor.dll
Symbol file LoadedFromMemory is not a mono symbol file
Symbol file data-0000023B3651D010 doesn't match image E:\Bossem\Repo\Bossem\Bossem Prototype\Library\ScriptAssemblies\Unity.Timeline.dll
Symbol file LoadedFromMemory is not a mono symbol file
Symbol file data-0000023B359D2020 doesn't match image E:\Bossem\Repo\Bossem\Bossem Prototype\Library\ScriptAssemblies\Unity.VisualScripting.Core.Editor.dll
Symbol file LoadedFromMemory is not a mono symbol file
Symbol file data-0000023B32E28E10 doesn't match image E:\Bossem\Repo\Bossem\Bossem Prototype\Library\ScriptAssemblies\Unity.TextMeshPro.dll
Symbol file LoadedFromMemory is not a mono symbol file
Symbol file data-0000023B35D5E010 doesn't match image E:\Bossem\Repo\Bossem\Bossem Prototype\Library\ScriptAssemblies\Unity.VisualScripting.State.Editor.dll
Symbol file LoadedFromMemory is not a mono symbol file
Symbol file data-0000023B35D5E010 doesn't match image E:\Bossem\Repo\Bossem\Bossem Prototype\Library\ScriptAssemblies\Unity.AdaptivePerformance.Simulator.Extension.dll
Symbol file LoadedFromMemory is not a mono symbol file
Symbol file data-0000023B36C89020 doesn't match image E:\Bossem\Repo\Bossem\Bossem Prototype\Library\ScriptAssemblies\UnityEditor.TestRunner.dll
Symbol file LoadedFromMemory is not a mono symbol file
Symbol file data-0000023B35D66020 doesn't match image E:\Bossem\Repo\Bossem\Bossem Prototype\Library\ScriptAssemblies\Unity.Services.Core.Networking.dll
Symbol file LoadedFromMemory is not a mono symbol file
Symbol file data-0000023B33AF7020 doesn't match image E:\Bossem\Repo\Bossem\Bossem Prototype\Library\ScriptAssemblies\Unity.VisualScripting.SettingsProvider.Editor.dll
Symbol file LoadedFromMemory is not a mono symbol file
Symbol file data-0000023B335A5CB0 doesn't match image E:\Bossem\Repo\Bossem\Bossem Prototype\Library\ScriptAssemblies\Unity.Subsystem.Registration.dll
Symbol file LoadedFromMemory is not a mono symbol file
Symbol file data-0000023B33AF7020 doesn't match image E:\Bossem\Repo\Bossem\Bossem Prototype\Library\ScriptAssemblies\Unity.AdaptivePerformance.UI.Editor.dll
Symbol file LoadedFromMemory is not a mono symbol file
Symbol file data-0000023B33AF7020 doesn't match image E:\Bossem\Repo\Bossem\Bossem Prototype\Library\ScriptAssemblies\UnityEditor.UI.dll
Symbol file LoadedFromMemory is not a mono symbol file
Symbol file data-0000023B35C22010 doesn't match image E:\Bossem\Repo\Bossem\Bossem Prototype\Library\ScriptAssemblies\Unity.PlasticSCM.Editor.dll
Symbol file LoadedFromMemory is not a mono symbol file
Symbol file data-0000023B33AF7020 doesn't match image E:\Bossem\Repo\Bossem\Bossem Prototype\Library\ScriptAssemblies\Unity.Rider.Editor.dll
Symbol file LoadedFromMemory is not a mono symbol file
Symbol file data-0000023B312CD010 doesn't match image E:\Bossem\Repo\Bossem\Bossem Prototype\Library\ScriptAssemblies\Unity.Services.Core.Internal.dll
Symbol file LoadedFromMemory is not a mono symbol file
Symbol file data-0000023B3638A010 doesn't match image E:\Bossem\Repo\Bossem\Bossem Prototype\Library\ScriptAssemblies\UnityEngine.UI.dll
Symbol file LoadedFromMemory is not a mono symbol file
Symbol file data-0000023B312D5020 doesn't match image E:\Bossem\Repo\Bossem\Bossem Prototype\Library\ScriptAssemblies\Recognissimo.Editor.dll
Symbol file LoadedFromMemory is not a mono symbol file
Symbol file data-0000023B3664A010 doesn't match image E:\Bossem\Repo\Bossem\Bossem Prototype\Library\ScriptAssemblies\Unity.VisualScripting.Flow.dll
Symbol file LoadedFromMemory is not a mono symbol file
Symbol file data-0000023B312D5020 doesn't match image E:\Bossem\Repo\Bossem\Bossem Prototype\Library\ScriptAssemblies\Unity.Notifications.iOS.dll
Symbol file LoadedFromMemory is not a mono symbol file
Symbol file data-0000023B312D5020 doesn't match image E:\Bossem\Repo\Bossem\Bossem Prototype\Library\ScriptAssemblies\Unity.Services.Core.Configuration.dll
Symbol file LoadedFromMemory is not a mono symbol file
Symbol file data-0000023B312D5020 doesn't match image E:\Bossem\Repo\Bossem\Bossem Prototype\Library\ScriptAssemblies\RemoteAuthoring.dll
Symbol file LoadedFromMemory is not a mono symbol file
Symbol file data-0000023B316A5650 doesn't match image E:\Bossem\Repo\Bossem\Bossem Prototype\Library\ScriptAssemblies\Unity.VisualScripting.Core.dll
Symbol file LoadedFromMemory is not a mono symbol file
Symbol file data-0000023B312D5020 doesn't match image E:\Bossem\Repo\Bossem\Bossem Prototype\Library\ScriptAssemblies\Unity.Services.Core.dll
Symbol file LoadedFromMemory is not a mono symbol file
Symbol file data-0000023B32EFB010 doesn't match image E:\Bossem\Repo\Bossem\Bossem Prototype\Library\ScriptAssemblies\Recognissimo.Utils.dll
Symbol file LoadedFromMemory is not a mono symbol file
Symbol file data-0000023B31592010 doesn't match image E:\Bossem\Repo\Bossem\Bossem Prototype\Library\ScriptAssemblies\Unity.Services.Core.Editor.dll
Symbol file LoadedFromMemory is not a mono symbol file
Symbol file data-0000023B32EFB010 doesn't match image E:\Bossem\Repo\Bossem\Bossem Prototype\Library\ScriptAssemblies\Unity.Services.Core.Configuration.Editor.dll
Symbol file LoadedFromMemory is not a mono symbol file
Symbol file data-0000023B32EFB010 doesn't match image E:\Bossem\Repo\Bossem\Bossem Prototype\Library\ScriptAssemblies\Unity.AdaptivePerformance.Simulator.Editor.dll
Symbol file LoadedFromMemory is not a mono symbol file
Symbol file data-0000023B335A5CB0 doesn't match image E:\Bossem\Repo\Bossem\Bossem Prototype\Library\ScriptAssemblies\Unity.Services.Core.Analytics.dll
Symbol file LoadedFromMemory is not a mono symbol file
Symbol file data-0000023B32EFB010 doesn't match image E:\Bossem\Repo\Bossem\Bossem Prototype\Library\ScriptAssemblies\Unity.Services.Core.Registration.dll
Symbol file LoadedFromMemory is not a mono symbol file
Symbol file data-0000023B31592010 doesn't match image E:\Bossem\Repo\Bossem\Bossem Prototype\Library\ScriptAssemblies\Unity.AdaptivePerformance.Editor.dll
Symbol file LoadedFromMemory is not a mono symbol file
Symbol file data-0000023B32EFB010 doesn't match image E:\Bossem\Repo\Bossem\Bossem Prototype\Library\ScriptAssemblies\Unity.VisualScripting.Shared.Editor.dll
Symbol file LoadedFromMemory is not a mono symbol file
Symbol file data-0000023B335A5CB0 doesn't match image E:\Bossem\Repo\Bossem\Bossem Prototype\Library\ScriptAssemblies\Unity.Services.Core.Environments.dll
Symbol file LoadedFromMemory is not a mono symbol file
Symbol file data-0000023B37A20010 doesn't match image E:\Bossem\Repo\Bossem\Bossem Prototype\Library\ScriptAssemblies\Unity.Mobile.AndroidLogcat.Editor.dll
Symbol file LoadedFromMemory is not a mono symbol file
Symbol file data-0000023B32EFB010 doesn't match image E:\Bossem\Repo\Bossem\Bossem Prototype\Library\ScriptAssemblies\Unity.Services.Core.Scheduler.dll
Symbol file LoadedFromMemory is not a mono symbol file
Symbol file data-0000023B35D66020 doesn't match image E:\Bossem\Repo\Bossem\Bossem Prototype\Library\ScriptAssemblies\Unity.Services.Core.Environments.Internal.dll
Symbol file LoadedFromMemory is not a mono symbol file
Symbol file data-0000023B37F02050 doesn't match image E:\Bossem\Repo\Bossem\Bossem Prototype\Library\ScriptAssemblies\Unity.Timeline.Editor.dll
Symbol file LoadedFromMemory is not a mono symbol file
Symbol file data-0000023B31592010 doesn't match image E:\Bossem\Repo\Bossem\Bossem Prototype\Library\ScriptAssemblies\Unity.CollabProxy.Editor.dll
Symbol file LoadedFromMemory is not a mono symbol file
Symbol file data-0000023B35D66020 doesn't match image E:\Bossem\Repo\Bossem\Bossem Prototype\Library\ScriptAssemblies\Unity.Services.Core.Threading.dll
Symbol file LoadedFromMemory is not a mono symbol file
Symbol file data-0000023B31592010 doesn't match image E:\Bossem\Repo\Bossem\Bossem Prototype\Library\ScriptAssemblies\Unity.AdaptivePerformance.dll
Symbol file LoadedFromMemory is not a mono symbol file
Symbol file data-0000023B31597A20 doesn't match image E:\Bossem\Repo\Bossem\Bossem Prototype\Library\ScriptAssemblies\Unity.Notifications.Android.dll
Symbol file LoadedFromMemory is not a mono symbol file
Symbol file data-0000023B32EFB010 doesn't match image E:\Bossem\Repo\Bossem\Bossem Prototype\Library\ScriptAssemblies\Estrada.dll
Symbol file LoadedFromMemory is not a mono symbol file
Symbol file data-0000023B31597A20 doesn't match image E:\Bossem\Repo\Bossem\Bossem Prototype\Library\ScriptAssemblies\Recognissimo.dll
Symbol file LoadedFromMemory is not a mono symbol file
Symbol file data-0000023B32EFB010 doesn't match image E:\Bossem\Repo\Bossem\Bossem Prototype\Library\ScriptAssemblies\Unity.AdaptivePerformance.Profiler.Editor.dll
Symbol file LoadedFromMemory is not a mono symbol file
Symbol file data-0000023B32EFB010 doesn't match image E:\Bossem\Repo\Bossem\Bossem Prototype\Library\ScriptAssemblies\Unity.AdaptivePerformance.Simulator.VRR.Extension.dll
Symbol file LoadedFromMemory is not a mono symbol file
Symbol file data-0000023B30F61A20 doesn't match image E:\Bossem\Repo\Bossem\Bossem Prototype\Library\ScriptAssemblies\Unity.VisualScripting.State.dll
Symbol file LoadedFromMemory is not a mono symbol file
Symbol file data-0000023B2F1BE1B0 doesn't match image E:\Bossem\Repo\Bossem\Bossem Prototype\Library\ScriptAssemblies\Unity.AdaptivePerformance.Samsung.Android.dll
Symbol file LoadedFromMemory is not a mono symbol file
Symbol file data-0000023B32EFB010 doesn't match image E:\Bossem\Repo\Bossem\Bossem Prototype\Library\ScriptAssemblies\Unity.Services.Core.Device.dll
Symbol file LoadedFromMemory is not a mono symbol file
Symbol file LoadedFromMemory doesn't match image E:\Bossem\Repo\Bossem\Bossem Prototype\Library\PackageCache\com.unity.visualscripting@1.7.8\Editor\VisualScripting.Core\Dependencies\DotNetZip\Unity.VisualScripting.IonicZip.dll
Symbol file LoadedFromMemory doesn't match image E:\Bossem\Repo\Bossem\Bossem Prototype\Library\PackageCache\com.unity.visualscripting@1.7.8\Editor\VisualScripting.Core\Dependencies\YamlDotNet\Unity.VisualScripting.YamlDotNet.dll
Native extension for WindowsStandalone target not found
Native extension for iOS target not found
Native extension for Android target not found
Refreshing native plugins compatible for Editor in 1.10 ms, found 4 plugins.
Preloading 0 native plugins for Editor in 0.00 ms.
Mono: successfully reloaded assembly
- Completed reload, in  1.138 seconds
Domain Reload Profiling:
	ReloadAssembly (1139ms)
		BeginReloadAssembly (168ms)
			ExecutionOrderSort (0ms)
			DisableScriptedObjects (6ms)
			BackupInstance (0ms)
			ReleaseScriptingObjects (0ms)
			CreateAndSetChildDomain (39ms)
		EndReloadAssembly (848ms)
			LoadAssemblies (136ms)
			RebuildTransferFunctionScriptingTraits (0ms)
			SetupTypeCache (252ms)
			ReleaseScriptCaches (1ms)
			RebuildScriptCaches (44ms)
			SetupLoadedEditorAssemblies (396ms)
				LogAssemblyErrors (0ms)
				InitializePlatformSupportModulesInManaged (36ms)
				SetLoadedEditorAssemblies (1ms)
				RefreshPlugins (1ms)
				BeforeProcessingInitializeOnLoad (93ms)
				ProcessInitializeOnLoadAttributes (216ms)
				ProcessInitializeOnLoadMethodAttributes (29ms)
				AfterProcessingInitializeOnLoad (20ms)
				EditorAssembliesLoaded (0ms)
			ExecutionOrderSort2 (0ms)
			AwakeInstancesAfterBackupRestoration (8ms)
Platform modules already initialized, skipping
Refreshing native plugins compatible for Editor in 4.69 ms, found 4 plugins.
Preloading 0 native plugins for Editor in 0.00 ms.
Unloading 4292 Unused Serialized files (Serialized files now loaded: 0)
Unloading 63 unused Assets / (151.0 KB). Loaded Objects now: 4748.
Memory consumption went from 143.9 MB to 143.8 MB.
Total: 3.506700 ms (FindLiveObjects: 0.378900 ms CreateObjectMapping: 0.121900 ms MarkObjects: 2.856500 ms  DeleteObjects: 0.147800 ms)

AssetImportParameters requested are different than current active one (requested -> active):
  custom:video-decoder-ogg-theora: a1e56fd34408186e4bbccfd4996cb3dc -> 
  custom:container-muxer-webm: aa71ff27fc2769a1b78a27578f13a17b -> 
  custom:container-demuxer-webm: 4f35f7cbe854078d1ac9338744f61a02 -> 
  custom:video-encoder-webm-vp8: eb34c28f22e8b96e1ab97ce403110664 -> 
  custom:audio-encoder-webm-vorbis: bf7c407c2cedff20999df2af8eb42d56 -> 
  custom:framework-win-MediaFoundation: 216162199b28c13a410421893ffa2e32 -> 
  custom:container-demuxer-ogg: 62fdf1f143b41e24485cea50d1cbac27 -> 
  custom:video-decoder-webm-vp8: 9c59270c3fd7afecdb556c50c9e8de78 -> 
  custom:audio-decoder-ogg-vorbis: bf7c407c2cedff20999df2af8eb42d56 -> 
========================================================================
Received Prepare
Refreshing native plugins compatible for Editor in 14.51 ms, found 4 plugins.
Preloading 0 native plugins for Editor in 0.00 ms.
Unloading 63 Unused Serialized files (Serialized files now loaded: 0)
Unloading 63 unused Assets / (148.4 KB). Loaded Objects now: 4748.
Memory consumption went from 59.4 MB to 59.2 MB.
Total: 3.621700 ms (FindLiveObjects: 0.336400 ms CreateObjectMapping: 0.116300 ms MarkObjects: 3.015300 ms  DeleteObjects: 0.153000 ms)

AssetImportParameters requested are different than current active one (requested -> active):
  custom:video-decoder-ogg-theora: a1e56fd34408186e4bbccfd4996cb3dc -> 
  custom:container-muxer-webm: aa71ff27fc2769a1b78a27578f13a17b -> 
  custom:container-demuxer-webm: 4f35f7cbe854078d1ac9338744f61a02 -> 
  custom:video-encoder-webm-vp8: eb34c28f22e8b96e1ab97ce403110664 -> 
  custom:audio-encoder-webm-vorbis: bf7c407c2cedff20999df2af8eb42d56 -> 
  custom:framework-win-MediaFoundation: 216162199b28c13a410421893ffa2e32 -> 
  custom:container-demuxer-ogg: 62fdf1f143b41e24485cea50d1cbac27 -> 
  custom:video-decoder-webm-vp8: 9c59270c3fd7afecdb556c50c9e8de78 -> 
  custom:audio-decoder-ogg-vorbis: bf7c407c2cedff20999df2af8eb42d56 -> 
========================================================================
Received Prepare
Refreshing native plugins compatible for Editor in 15.27 ms, found 4 plugins.
Preloading 0 native plugins for Editor in 0.00 ms.
Unloading 63 Unused Serialized files (Serialized files now loaded: 0)
Unloading 63 unused Assets / (148.5 KB). Loaded Objects now: 4748.
Memory consumption went from 59.4 MB to 59.2 MB.
Total: 3.314100 ms (FindLiveObjects: 0.351200 ms CreateObjectMapping: 0.116000 ms MarkObjects: 2.668200 ms  DeleteObjects: 0.177600 ms)

AssetImportParameters requested are different than current active one (requested -> active):
  custom:video-decoder-ogg-theora: a1e56fd34408186e4bbccfd4996cb3dc -> 
  custom:container-muxer-webm: aa71ff27fc2769a1b78a27578f13a17b -> 
  custom:container-demuxer-webm: 4f35f7cbe854078d1ac9338744f61a02 -> 
  custom:video-encoder-webm-vp8: eb34c28f22e8b96e1ab97ce403110664 -> 
  custom:audio-encoder-webm-vorbis: bf7c407c2cedff20999df2af8eb42d56 -> 
  custom:framework-win-MediaFoundation: 216162199b28c13a410421893ffa2e32 -> 
  custom:container-demuxer-ogg: 62fdf1f143b41e24485cea50d1cbac27 -> 
  custom:video-decoder-webm-vp8: 9c59270c3fd7afecdb556c50c9e8de78 -> 
  custom:audio-decoder-ogg-vorbis: bf7c407c2cedff20999df2af8eb42d56 -> 
========================================================================
Received Prepare
Refreshing native plugins compatible for Editor in 13.82 ms, found 4 plugins.
Preloading 0 native plugins for Editor in 0.00 ms.
Unloading 63 Unused Serialized files (Serialized files now loaded: 0)
Unloading 63 unused Assets / (148.5 KB). Loaded Objects now: 4748.
Memory consumption went from 59.4 MB to 59.3 MB.
Total: 3.275700 ms (FindLiveObjects: 0.337900 ms CreateObjectMapping: 0.118900 ms MarkObjects: 2.675100 ms  DeleteObjects: 0.142700 ms)

AssetImportParameters requested are different than current active one (requested -> active):
  custom:video-decoder-ogg-theora: a1e56fd34408186e4bbccfd4996cb3dc -> 
  custom:container-muxer-webm: aa71ff27fc2769a1b78a27578f13a17b -> 
  custom:container-demuxer-webm: 4f35f7cbe854078d1ac9338744f61a02 -> 
  custom:video-encoder-webm-vp8: eb34c28f22e8b96e1ab97ce403110664 -> 
  custom:audio-encoder-webm-vorbis: bf7c407c2cedff20999df2af8eb42d56 -> 
  custom:framework-win-MediaFoundation: 216162199b28c13a410421893ffa2e32 -> 
  custom:container-demuxer-ogg: 62fdf1f143b41e24485cea50d1cbac27 -> 
  custom:video-decoder-webm-vp8: 9c59270c3fd7afecdb556c50c9e8de78 -> 
  custom:audio-decoder-ogg-vorbis: bf7c407c2cedff20999df2af8eb42d56 -> 
========================================================================
Received Prepare
Registering precompiled user dll's ...
Registered in 0.009997 seconds.
Begin MonoManager ReloadAssembly
Symbol file data-0000023B31021440 doesn't match image E:\Bossem\Repo\Bossem\Bossem Prototype\Library\ScriptAssemblies\Assembly-CSharp.dll
Symbol file LoadedFromMemory is not a mono symbol file
Symbol file data-0000023B31021440 doesn't match image E:\Bossem\Repo\Bossem\Bossem Prototype\Library\ScriptAssemblies\Assembly-CSharp-Editor.dll
Symbol file LoadedFromMemory is not a mono symbol file
Symbol file data-0000023B33202F60 doesn't match image E:\Bossem\Repo\Bossem\Bossem Prototype\Library\ScriptAssemblies\Unity.VisualScripting.Flow.Editor.dll
Symbol file LoadedFromMemory is not a mono symbol file
Symbol file data-0000023B32F00440 doesn't match image E:\Bossem\Repo\Bossem\Bossem Prototype\Library\ScriptAssemblies\ARDK-Editor.dll
Symbol file LoadedFromMemory is not a mono symbol file
Symbol file data-0000023B32E21020 doesn't match image E:\Bossem\Repo\Bossem\Bossem Prototype\Library\ScriptAssemblies\Unity.VSCode.Editor.dll
Symbol file LoadedFromMemory is not a mono symbol file
Symbol file data-0000023B312CD010 doesn't match image E:\Bossem\Repo\Bossem\Bossem Prototype\Library\ScriptAssemblies\ARDK-Examples.dll
Symbol file LoadedFromMemory is not a mono symbol file
Symbol file data-0000023B32E21020 doesn't match image E:\Bossem\Repo\Bossem\Bossem Prototype\Library\ScriptAssemblies\Unity.Notifications.dll
Symbol file LoadedFromMemory is not a mono symbol file
Symbol file data-0000023B370B9900 doesn't match image E:\Bossem\Repo\Bossem\Bossem Prototype\Library\ScriptAssemblies\Unity.TextMeshPro.Editor.dll
Symbol file LoadedFromMemory is not a mono symbol file
Symbol file data-0000023B36B35020 doesn't match image E:\Bossem\Repo\Bossem\Bossem Prototype\Library\ScriptAssemblies\ARDK.dll
Symbol file LoadedFromMemory is not a mono symbol file
Symbol file data-0000023B32F00440 doesn't match image E:\Bossem\Repo\Bossem\Bossem Prototype\Library\ScriptAssemblies\Unity.VisualStudio.Editor.dll
Symbol file LoadedFromMemory is not a mono symbol file
Symbol file data-0000023B2F513050 doesn't match image E:\Bossem\Repo\Bossem\Bossem Prototype\Library\ScriptAssemblies\Unity.Services.Core.Telemetry.dll
Symbol file LoadedFromMemory is not a mono symbol file
Symbol file data-0000023B31021440 doesn't match image E:\Bossem\Repo\Bossem\Bossem Prototype\Library\ScriptAssemblies\Unity.Profiling.Core.dll
Symbol file LoadedFromMemory is not a mono symbol file
Symbol file data-0000023B33AF7020 doesn't match image E:\Bossem\Repo\Bossem\Bossem Prototype\Library\ScriptAssemblies\UnityEngine.TestRunner.dll
Symbol file LoadedFromMemory is not a mono symbol file
Symbol file data-0000023B31021440 doesn't match image E:\Bossem\Repo\Bossem\Bossem Prototype\Library\ScriptAssemblies\Unity.AdaptivePerformance.Samsung.Android.Editor.dll
Symbol file LoadedFromMemory is not a mono symbol file
Symbol file data-0000023B3651D010 doesn't match image E:\Bossem\Repo\Bossem\Bossem Prototype\Library\ScriptAssemblies\Unity.Timeline.dll
Symbol file LoadedFromMemory is not a mono symbol file
Symbol file data-0000023B38511020 doesn't match image E:\Bossem\Repo\Bossem\Bossem Prototype\Library\ScriptAssemblies\Unity.VisualScripting.Core.Editor.dll
Symbol file LoadedFromMemory is not a mono symbol file
Symbol file data-0000023B32E28E10 doesn't match image E:\Bossem\Repo\Bossem\Bossem Prototype\Library\ScriptAssemblies\Unity.TextMeshPro.dll
Symbol file LoadedFromMemory is not a mono symbol file
Symbol file data-0000023B31A32010 doesn't match image E:\Bossem\Repo\Bossem\Bossem Prototype\Library\ScriptAssemblies\Unity.VisualScripting.State.Editor.dll
Symbol file LoadedFromMemory is not a mono symbol file
Symbol file data-0000023B36D3D010 doesn't match image E:\Bossem\Repo\Bossem\Bossem Prototype\Library\ScriptAssemblies\Unity.AdaptivePerformance.Simulator.Extension.dll
Symbol file LoadedFromMemory is not a mono symbol file
Symbol file data-0000023B36C89020 doesn't match image E:\Bossem\Repo\Bossem\Bossem Prototype\Library\ScriptAssemblies\UnityEditor.TestRunner.dll
Symbol file LoadedFromMemory is not a mono symbol file
Symbol file data-0000023B31021440 doesn't match image E:\Bossem\Repo\Bossem\Bossem Prototype\Library\ScriptAssemblies\Unity.Services.Core.Networking.dll
Symbol file LoadedFromMemory is not a mono symbol file
Symbol file data-0000023B31021440 doesn't match image E:\Bossem\Repo\Bossem\Bossem Prototype\Library\ScriptAssemblies\Unity.VisualScripting.SettingsProvider.Editor.dll
Symbol file LoadedFromMemory is not a mono symbol file
Symbol file data-0000023B31021440 doesn't match image E:\Bossem\Repo\Bossem\Bossem Prototype\Library\ScriptAssemblies\Unity.Subsystem.Registration.dll
Symbol file LoadedFromMemory is not a mono symbol file
Symbol file data-0000023B36D3D010 doesn't match image E:\Bossem\Repo\Bossem\Bossem Prototype\Library\ScriptAssemblies\Unity.AdaptivePerformance.UI.Editor.dll
Symbol file LoadedFromMemory is not a mono symbol file
Symbol file data-0000023B32F00440 doesn't match image E:\Bossem\Repo\Bossem\Bossem Prototype\Library\ScriptAssemblies\UnityEditor.UI.dll
Symbol file LoadedFromMemory is not a mono symbol file
Symbol file data-0000023B35C22010 doesn't match image E:\Bossem\Repo\Bossem\Bossem Prototype\Library\ScriptAssemblies\Unity.PlasticSCM.Editor.dll
Symbol file LoadedFromMemory is not a mono symbol file
Symbol file data-0000023B30AA6890 doesn't match image E:\Bossem\Repo\Bossem\Bossem Prototype\Library\ScriptAssemblies\Unity.Rider.Editor.dll
Symbol file LoadedFromMemory is not a mono symbol file
Symbol file data-0000023B30AA6890 doesn't match image E:\Bossem\Repo\Bossem\Bossem Prototype\Library\ScriptAssemblies\Unity.Services.Core.Internal.dll
Symbol file LoadedFromMemory is not a mono symbol file
Symbol file data-0000023B362FC060 doesn't match image E:\Bossem\Repo\Bossem\Bossem Prototype\Library\ScriptAssemblies\UnityEngine.UI.dll
Symbol file LoadedFromMemory is not a mono symbol file
Symbol file data-0000023B36D3D010 doesn't match image E:\Bossem\Repo\Bossem\Bossem Prototype\Library\ScriptAssemblies\Recognissimo.Editor.dll
Symbol file LoadedFromMemory is not a mono symbol file
Symbol file data-0000023B3664A010 doesn't match image E:\Bossem\Repo\Bossem\Bossem Prototype\Library\ScriptAssemblies\Unity.VisualScripting.Flow.dll
Symbol file LoadedFromMemory is not a mono symbol file
Symbol file data-0000023B37E46050 doesn't match image E:\Bossem\Repo\Bossem\Bossem Prototype\Library\ScriptAssemblies\Unity.Notifications.iOS.dll
Symbol file LoadedFromMemory is not a mono symbol file
Symbol file data-0000023B36D3D010 doesn't match image E:\Bossem\Repo\Bossem\Bossem Prototype\Library\ScriptAssemblies\Unity.Services.Core.Configuration.dll
Symbol file LoadedFromMemory is not a mono symbol file
Symbol file data-0000023B36D3D010 doesn't match image E:\Bossem\Repo\Bossem\Bossem Prototype\Library\ScriptAssemblies\RemoteAuthoring.dll
Symbol file LoadedFromMemory is not a mono symbol file
Symbol file data-0000023B316A5650 doesn't match image E:\Bossem\Repo\Bossem\Bossem Prototype\Library\ScriptAssemblies\Unity.VisualScripting.Core.dll
Symbol file LoadedFromMemory is not a mono symbol file
Symbol file data-0000023B36D3D010 doesn't match image E:\Bossem\Repo\Bossem\Bossem Prototype\Library\ScriptAssemblies\Unity.Services.Core.dll
Symbol file LoadedFromMemory is not a mono symbol file
Symbol file data-0000023B36D3D010 doesn't match image E:\Bossem\Repo\Bossem\Bossem Prototype\Library\ScriptAssemblies\Recognissimo.Utils.dll
Symbol file LoadedFromMemory is not a mono symbol file
Symbol file data-0000023B30AA6890 doesn't match image E:\Bossem\Repo\Bossem\Bossem Prototype\Library\ScriptAssemblies\Unity.Services.Core.Editor.dll
Symbol file LoadedFromMemory is not a mono symbol file
Symbol file data-0000023B36D3D010 doesn't match image E:\Bossem\Repo\Bossem\Bossem Prototype\Library\ScriptAssemblies\Unity.Services.Core.Configuration.Editor.dll
Symbol file LoadedFromMemory is not a mono symbol file
Symbol file data-0000023B35A1C020 doesn't match image E:\Bossem\Repo\Bossem\Bossem Prototype\Library\ScriptAssemblies\Unity.AdaptivePerformance.Simulator.Editor.dll
Symbol file LoadedFromMemory is not a mono symbol file
Symbol file data-0000023B35A1C020 doesn't match image E:\Bossem\Repo\Bossem\Bossem Prototype\Library\ScriptAssemblies\Unity.Services.Core.Analytics.dll
Symbol file LoadedFromMemory is not a mono symbol file
Symbol file data-0000023B32FEB080 doesn't match image E:\Bossem\Repo\Bossem\Bossem Prototype\Library\ScriptAssemblies\Unity.Services.Core.Registration.dll
Symbol file LoadedFromMemory is not a mono symbol file
Symbol file data-0000023B30AA6890 doesn't match image E:\Bossem\Repo\Bossem\Bossem Prototype\Library\ScriptAssemblies\Unity.AdaptivePerformance.Editor.dll
Symbol file LoadedFromMemory is not a mono symbol file
Symbol file data-0000023B37E46050 doesn't match image E:\Bossem\Repo\Bossem\Bossem Prototype\Library\ScriptAssemblies\Unity.VisualScripting.Shared.Editor.dll
Symbol file LoadedFromMemory is not a mono symbol file
Symbol file data-0000023B37E46050 doesn't match image E:\Bossem\Repo\Bossem\Bossem Prototype\Library\ScriptAssemblies\Unity.Services.Core.Environments.dll
Symbol file LoadedFromMemory is not a mono symbol file
Symbol file data-0000023B37B07030 doesn't match image E:\Bossem\Repo\Bossem\Bossem Prototype\Library\ScriptAssemblies\Unity.Mobile.AndroidLogcat.Editor.dll
Symbol file LoadedFromMemory is not a mono symbol file
Symbol file data-0000023B37E46050 doesn't match image E:\Bossem\Repo\Bossem\Bossem Prototype\Library\ScriptAssemblies\Unity.Services.Core.Scheduler.dll
Symbol file LoadedFromMemory is not a mono symbol file
Symbol file data-0000023B37E46050 doesn't match image E:\Bossem\Repo\Bossem\Bossem Prototype\Library\ScriptAssemblies\Unity.Services.Core.Environments.Internal.dll
Symbol file LoadedFromMemory is not a mono symbol file
Symbol file data-0000023B366BA010 doesn't match image E:\Bossem\Repo\Bossem\Bossem Prototype\Library\ScriptAssemblies\Unity.Timeline.Editor.dll
Symbol file LoadedFromMemory is not a mono symbol file
Symbol file data-0000023B30F5B010 doesn't match image E:\Bossem\Repo\Bossem\Bossem Prototype\Library\ScriptAssemblies\Unity.CollabProxy.Editor.dll
Symbol file LoadedFromMemory is not a mono symbol file
Symbol file data-0000023B37E46050 doesn't match image E:\Bossem\Repo\Bossem\Bossem Prototype\Library\ScriptAssemblies\Unity.Services.Core.Threading.dll
Symbol file LoadedFromMemory is not a mono symbol file
Symbol file data-0000023B312CD010 doesn't match image E:\Bossem\Repo\Bossem\Bossem Prototype\Library\ScriptAssemblies\Unity.AdaptivePerformance.dll
Symbol file LoadedFromMemory is not a mono symbol file
Symbol file data-0000023B2F513050 doesn't match image E:\Bossem\Repo\Bossem\Bossem Prototype\Library\ScriptAssemblies\Unity.Notifications.Android.dll
Symbol file LoadedFromMemory is not a mono symbol file
Symbol file data-0000023B2F513050 doesn't match image E:\Bossem\Repo\Bossem\Bossem Prototype\Library\ScriptAssemblies\Estrada.dll
Symbol file LoadedFromMemory is not a mono symbol file
Symbol file data-0000023B35E90030 doesn't match image E:\Bossem\Repo\Bossem\Bossem Prototype\Library\ScriptAssemblies\Recognissimo.dll
Symbol file LoadedFromMemory is not a mono symbol file
Symbol file data-0000023B2F513050 doesn't match image E:\Bossem\Repo\Bossem\Bossem Prototype\Library\ScriptAssemblies\Unity.AdaptivePerformance.Profiler.Editor.dll
Symbol file LoadedFromMemory is not a mono symbol file
Symbol file data-0000023B2F513050 doesn't match image E:\Bossem\Repo\Bossem\Bossem Prototype\Library\ScriptAssemblies\Unity.AdaptivePerformance.Simulator.VRR.Extension.dll
Symbol file LoadedFromMemory is not a mono symbol file
Symbol file data-0000023B3600E020 doesn't match image E:\Bossem\Repo\Bossem\Bossem Prototype\Library\ScriptAssemblies\Unity.VisualScripting.State.dll
Symbol file LoadedFromMemory is not a mono symbol file
Symbol file data-0000023B316F7020 doesn't match image E:\Bossem\Repo\Bossem\Bossem Prototype\Library\ScriptAssemblies\Unity.AdaptivePerformance.Samsung.Android.dll
Symbol file LoadedFromMemory is not a mono symbol file
Symbol file data-0000023B2F513050 doesn't match image E:\Bossem\Repo\Bossem\Bossem Prototype\Library\ScriptAssemblies\Unity.Services.Core.Device.dll
Symbol file LoadedFromMemory is not a mono symbol file
Symbol file LoadedFromMemory doesn't match image E:\Bossem\Repo\Bossem\Bossem Prototype\Library\PackageCache\com.unity.visualscripting@1.7.8\Editor\VisualScripting.Core\Dependencies\DotNetZip\Unity.VisualScripting.IonicZip.dll
Symbol file LoadedFromMemory doesn't match image E:\Bossem\Repo\Bossem\Bossem Prototype\Library\PackageCache\com.unity.visualscripting@1.7.8\Editor\VisualScripting.Core\Dependencies\YamlDotNet\Unity.VisualScripting.YamlDotNet.dll
Native extension for WindowsStandalone target not found
Native extension for iOS target not found
Native extension for Android target not found
Refreshing native plugins compatible for Editor in 1.08 ms, found 4 plugins.
Preloading 0 native plugins for Editor in 0.00 ms.
Mono: successfully reloaded assembly
- Completed reload, in  1.120 seconds
Domain Reload Profiling:
	ReloadAssembly (1121ms)
		BeginReloadAssembly (165ms)
			ExecutionOrderSort (0ms)
			DisableScriptedObjects (5ms)
			BackupInstance (0ms)
			ReleaseScriptingObjects (0ms)
			CreateAndSetChildDomain (33ms)
		EndReloadAssembly (842ms)
			LoadAssemblies (138ms)
			RebuildTransferFunctionScriptingTraits (0ms)
			SetupTypeCache (270ms)
			ReleaseScriptCaches (1ms)
			RebuildScriptCaches (47ms)
			SetupLoadedEditorAssemblies (359ms)
				LogAssemblyErrors (0ms)
				InitializePlatformSupportModulesInManaged (38ms)
				SetLoadedEditorAssemblies (0ms)
				RefreshPlugins (1ms)
				BeforeProcessingInitializeOnLoad (87ms)
				ProcessInitializeOnLoadAttributes (187ms)
				ProcessInitializeOnLoadMethodAttributes (27ms)
				AfterProcessingInitializeOnLoad (18ms)
				EditorAssembliesLoaded (0ms)
			ExecutionOrderSort2 (0ms)
			AwakeInstancesAfterBackupRestoration (7ms)
Platform modules already initialized, skipping
Refreshing native plugins compatible for Editor in 4.88 ms, found 4 plugins.
Preloading 0 native plugins for Editor in 0.00 ms.
Unloading 4292 Unused Serialized files (Serialized files now loaded: 0)
Unloading 63 unused Assets / (151.1 KB). Loaded Objects now: 4751.
Memory consumption went from 143.9 MB to 143.8 MB.
Total: 3.570000 ms (FindLiveObjects: 0.494900 ms CreateObjectMapping: 0.307900 ms MarkObjects: 2.629100 ms  DeleteObjects: 0.137400 ms)

AssetImportParameters requested are different than current active one (requested -> active):
  custom:video-decoder-ogg-theora: a1e56fd34408186e4bbccfd4996cb3dc -> 
  custom:container-muxer-webm: aa71ff27fc2769a1b78a27578f13a17b -> 
  custom:container-demuxer-webm: 4f35f7cbe854078d1ac9338744f61a02 -> 
  custom:video-encoder-webm-vp8: eb34c28f22e8b96e1ab97ce403110664 -> 
  custom:audio-encoder-webm-vorbis: bf7c407c2cedff20999df2af8eb42d56 -> 
  custom:framework-win-MediaFoundation: 216162199b28c13a410421893ffa2e32 -> 
  custom:container-demuxer-ogg: 62fdf1f143b41e24485cea50d1cbac27 -> 
  custom:video-decoder-webm-vp8: 9c59270c3fd7afecdb556c50c9e8de78 -> 
  custom:audio-decoder-ogg-vorbis: bf7c407c2cedff20999df2af8eb42d56 -> 
